<?xml version="1.0" encoding="UTF-8"?>
<testsuites name="Test Suite Mobile" time="591.908" tests="1" failures="1" errors="0">
   <testsuite name="Test Suite Mobile" tests="1" failures="1" errors="0" time="591.908" skipped="0" timestamp="2022-11-05 13:01:11" hostname="Athif - DESKTOP-HMC26PQ" id="Test Suites/Test Suite Mobile">
      <properties>
         <property name="deviceName" value="Xiaomi M2101K7BNY (Android 12)"/>
         <property name="devicePlatform" value=""/>
         <property name="logFolder" value="C:\\Users\\Athif\\git\\MiniProjectMobile\\Reports\\20221105_130102\\Test Suite Mobile\\20221105_130102"/>
         <property name="logFiles" value="C:\\Users\\Athif\\git\\MiniProjectMobile\\Reports\\20221105_130102\\Test Suite Mobile\\20221105_130102\\appium.log, C:\\Users\\Athif\\git\\MiniProjectMobile\\Reports\\20221105_130102\\Test Suite Mobile\\20221105_130102\\execution0.log"/>
         <property name="attachments" value="C:\\Users\\Athif\\git\\MiniProjectMobile\\Reports\\20221105_130102\\Test Suite Mobile\\20221105_130102\\1667628662422.png"/>
         <property name="hostName" value="Athif - DESKTOP-HMC26PQ"/>
         <property name="os" value="Windows 10 64bit"/>
         <property name="appiumServerStatus" value="{&quot;value&quot;:{&quot;build&quot;:{&quot;version&quot;:&quot;1.22.3&quot;}},&quot;sessionId&quot;:null,&quot;status&quot;:0}"/>
         <property name="katalonVersion" value="8.3.0.208"/>
         <property name="deviceOS" value="Android"/>
         <property name="appiumVersion" value="1.22.3"/>
         <property name="deviceModel" value="M2101K7BNY"/>
         <property name="hostAddress" value="192.168.56.1"/>
         <property name="deviceManufacturer" value="Xiaomi"/>
         <property name="deviceId" value="FI99J76LSKHQEIWS"/>
         <property name="deviceName" value="Xiaomi M2101K7BNY (Android 12)"/>
         <property name="deviceOSVersion" value="12"/>
      </properties>
      <testcase name="Test Cases/Feature Test" time="591.379" classname="Test Cases/Feature Test" status="FAILED">
         <failure type="FAILED" message="Test Cases/Feature Test FAILED.
Reason:
com.kms.katalon.core.exception.StepFailedException: Keyword runFeatureFile was failed (Root cause: cucumber.runtime.CucumberException: Error while transforming.
	at cucumber.runtime.formatter.JUnitFormatter.finishReport(JUnitFormatter.java:153)
	at cucumber.runtime.formatter.JUnitFormatter.access$400(JUnitFormatter.java:42)
	at cucumber.runtime.formatter.JUnitFormatter$5.receive(JUnitFormatter.java:77)
	at cucumber.runtime.formatter.JUnitFormatter$5.receive(JUnitFormatter.java:74)
	at cucumber.runner.EventBus.send(EventBus.java:28)
	at cucumber.runtime.Runtime.run(Runtime.java:109)
	at cucumber.api.cli.Main.run(Main.java:35)
	at cucumber.api.cli.Main$run.call(Unknown Source)
	at com.kms.katalon.core.cucumber.keyword.CucumberBuiltinKeywords$_runFeatureFile_closure1.doCall(CucumberBuiltinKeywords.groovy:108)
	at com.kms.katalon.core.cucumber.keyword.CucumberBuiltinKeywords$_runFeatureFile_closure1.doCall(CucumberBuiltinKeywords.groovy)
	at com.kms.katalon.core.keyword.internal.KeywordMain.runKeyword(KeywordMain.groovy:74)
	at com.kms.katalon.core.keyword.internal.KeywordMain.runKeyword(KeywordMain.groovy:68)
	at com.kms.katalon.core.keyword.internal.KeywordMain$runKeyword.call(Unknown Source)
	at com.kms.katalon.core.cucumber.keyword.CucumberBuiltinKeywords.runFeatureFile(CucumberBuiltinKeywords.groovy:75)
	at com.kms.katalon.core.cucumber.keyword.CucumberBuiltinKeywords$runFeatureFile$0.callStatic(Unknown Source)
	at com.kms.katalon.core.cucumber.keyword.CucumberBuiltinKeywords.runFeatureFile(CucumberBuiltinKeywords.groovy:248)
	at com.kms.katalon.core.cucumber.keyword.CucumberBuiltinKeywords$runFeatureFile.call(Unknown Source)
	at Feature Test.run(Feature Test:24)
	at com.kms.katalon.core.main.ScriptEngine.run(ScriptEngine.java:194)
	at com.kms.katalon.core.main.ScriptEngine.runScriptAsRawText(ScriptEngine.java:119)
	at com.kms.katalon.core.main.TestCaseExecutor.runScript(TestCaseExecutor.java:445)
	at com.kms.katalon.core.main.TestCaseExecutor.doExecute(TestCaseExecutor.java:436)
	at com.kms.katalon.core.main.TestCaseExecutor.processExecutionPhase(TestCaseExecutor.java:415)
	at com.kms.katalon.core.main.TestCaseExecutor.accessMainPhase(TestCaseExecutor.java:407)
	at com.kms.katalon.core.main.TestCaseExecutor.execute(TestCaseExecutor.java:284)
	at com.kms.katalon.core.common.CommonExecutor.accessTestCaseMainPhase(CommonExecutor.java:65)
	at com.kms.katalon.core.main.TestSuiteExecutor.accessTestSuiteMainPhase(TestSuiteExecutor.java:144)
	at com.kms.katalon.core.main.TestSuiteExecutor.execute(TestSuiteExecutor.java:106)
	at com.kms.katalon.core.main.TestCaseMain.startTestSuite(TestCaseMain.java:185)
	at com.kms.katalon.core.main.TestCaseMain$startTestSuite$0.call(Unknown Source)
	at TempTestSuite1667628062132.run(TempTestSuite1667628062132.groovy:36)
Caused by: javax.xml.transform.TransformerException: org.xml.sax.SAXException: The handle is invalid
java.io.IOException: The handle is invalid
	at com.sun.org.apache.xalan.internal.xsltc.trax.TransformerImpl.transform(TransformerImpl.java:740)
	at com.sun.org.apache.xalan.internal.xsltc.trax.TransformerImpl.transform(TransformerImpl.java:343)
	at cucumber.runtime.formatter.JUnitFormatter.finishReport(JUnitFormatter.java:150)
	at cucumber.runtime.formatter.JUnitFormatter.access$400(JUnitFormatter.java:42)
	at cucumber.runtime.formatter.JUnitFormatter$5.receive(JUnitFormatter.java:77)
	at cucumber.runtime.formatter.JUnitFormatter$5.receive(JUnitFormatter.java:74)
	at cucumber.runner.EventBus.send(EventBus.java:28)
	at cucumber.runtime.Runtime.run(Runtime.java:109)
	at cucumber.api.cli.Main.run(Main.java:35)
	at cucumber.api.cli.Main$run.call(Unknown Source)
	at com.kms.katalon.core.cucumber.keyword.CucumberBuiltinKeywords$_runFeatureFile_closure1.doCall(CucumberBuiltinKeywords.groovy:108)
	at com.kms.katalon.core.cucumber.keyword.CucumberBuiltinKeywords$_runFeatureFile_closure1.doCall(CucumberBuiltinKeywords.groovy)
	at com.kms.katalon.core.keyword.internal.KeywordMain.runKeyword(KeywordMain.groovy:74)
	at com.kms.katalon.core.keyword.internal.KeywordMain.runKeyword(KeywordMain.groovy:68)
	at com.kms.katalon.core.keyword.internal.KeywordMain$runKeyword.call(Unknown Source)
	at com.kms.katalon.core.cucumber.keyword.CucumberBuiltinKeywords.runFeatureFile(CucumberBuiltinKeywords.groovy:75)
	at com.kms.katalon.core.cucumber.keyword.CucumberBuiltinKeywords$runFeatureFile$0.callStatic(Unknown Source)
	at com.kms.katalon.core.cucumber.keyword.CucumberBuiltinKeywords.runFeatureFile(CucumberBuiltinKeywords.groovy:248)
	at com.kms.katalon.core.cucumber.keyword.CucumberBuiltinKeywords$runFeatureFile.call(Unknown Source)
	at Script1667620101734.run(Script1667620101734.groovy:24)
	... 13 more
Caused by: org.xml.sax.SAXException: The handle is invalid
java.io.IOException: The handle is invalid
	at com.sun.org.apache.xml.internal.serializer.ToStream.closeStartTag(ToStream.java:2457)
	at com.sun.org.apache.xml.internal.serializer.ToStream.characters(ToStream.java:1366)
	at com.sun.org.apache.xml.internal.serializer.ToUnknownStream.characters(ToUnknownStream.java:814)
	at com.sun.org.apache.xml.internal.serializer.ToUnknownStream.characters(ToUnknownStream.java:348)
	at com.sun.org.apache.xalan.internal.xsltc.trax.DOM2TO.parse(DOM2TO.java:122)
	at com.sun.org.apache.xalan.internal.xsltc.trax.DOM2TO.parse(DOM2TO.java:230)
	at com.sun.org.apache.xalan.internal.xsltc.trax.DOM2TO.parse(DOM2TO.java:230)
	at com.sun.org.apache.xalan.internal.xsltc.trax.DOM2TO.parse(DOM2TO.java:230)
	at com.sun.org.apache.xalan.internal.xsltc.trax.DOM2TO.parse(DOM2TO.java:136)
	at com.sun.org.apache.xalan.internal.xsltc.trax.DOM2TO.parse(DOM2TO.java:98)
	at com.sun.org.apache.xalan.internal.xsltc.trax.TransformerImpl.transformIdentity(TransformerImpl.java:684)
	at com.sun.org.apache.xalan.internal.xsltc.trax.TransformerImpl.transform(TransformerImpl.java:728)
	... 32 more
Caused by: java.io.IOException: The handle is invalid
	at cucumber.runtime.io.URLOutputStream.write(URLOutputStream.java:60)
	at com.sun.org.apache.xml.internal.serializer.ToStream.writeAttrString(ToStream.java:1986)
	at com.sun.org.apache.xml.internal.serializer.ToStream.processAttributes(ToStream.java:1953)
	at com.sun.org.apache.xml.internal.serializer.ToStream.closeStartTag(ToStream.java:2449)
	... 43 more
)
	at com.kms.katalon.core.keyword.internal.KeywordMain.stepFailed(KeywordMain.groovy:50)
	at com.kms.katalon.core.keyword.internal.KeywordMain.stepFailed(KeywordMain.groovy)
	at com.kms.katalon.core.keyword.internal.KeywordMain.runKeyword(KeywordMain.groovy:76)
	at com.kms.katalon.core.keyword.internal.KeywordMain.runKeyword(KeywordMain.groovy:68)
	at com.kms.katalon.core.keyword.internal.KeywordMain$runKeyword.call(Unknown Source)
	at com.kms.katalon.core.cucumber.keyword.CucumberBuiltinKeywords.runFeatureFile(CucumberBuiltinKeywords.groovy:75)
	at com.kms.katalon.core.cucumber.keyword.CucumberBuiltinKeywords$runFeatureFile$0.callStatic(Unknown Source)
	at com.kms.katalon.core.cucumber.keyword.CucumberBuiltinKeywords.runFeatureFile(CucumberBuiltinKeywords.groovy:248)
	at com.kms.katalon.core.cucumber.keyword.CucumberBuiltinKeywords$runFeatureFile.call(Unknown Source)
	at Feature Test.run(Feature Test:24)
	at com.kms.katalon.core.main.ScriptEngine.run(ScriptEngine.java:194)
	at com.kms.katalon.core.main.ScriptEngine.runScriptAsRawText(ScriptEngine.java:119)
	at com.kms.katalon.core.main.TestCaseExecutor.runScript(TestCaseExecutor.java:445)
	at com.kms.katalon.core.main.TestCaseExecutor.doExecute(TestCaseExecutor.java:436)
	at com.kms.katalon.core.main.TestCaseExecutor.processExecutionPhase(TestCaseExecutor.java:415)
	at com.kms.katalon.core.main.TestCaseExecutor.accessMainPhase(TestCaseExecutor.java:407)
	at com.kms.katalon.core.main.TestCaseExecutor.execute(TestCaseExecutor.java:284)
	at com.kms.katalon.core.common.CommonExecutor.accessTestCaseMainPhase(CommonExecutor.java:65)
	at com.kms.katalon.core.main.TestSuiteExecutor.accessTestSuiteMainPhase(TestSuiteExecutor.java:144)
	at com.kms.katalon.core.main.TestSuiteExecutor.execute(TestSuiteExecutor.java:106)
	at com.kms.katalon.core.main.TestCaseMain.startTestSuite(TestCaseMain.java:185)
	at com.kms.katalon.core.main.TestCaseMain$startTestSuite$0.call(Unknown Source)
	at TempTestSuite1667628062132.run(TempTestSuite1667628062132.groovy:36)
Caused by: cucumber.runtime.CucumberException: Error while transforming.
	at cucumber.runtime.formatter.JUnitFormatter.finishReport(JUnitFormatter.java:153)
	at cucumber.runtime.formatter.JUnitFormatter.access$400(JUnitFormatter.java:42)
	at cucumber.runtime.formatter.JUnitFormatter$5.receive(JUnitFormatter.java:77)
	at cucumber.runtime.formatter.JUnitFormatter$5.receive(JUnitFormatter.java:74)
	at cucumber.runner.EventBus.send(EventBus.java:28)
	at cucumber.runtime.Runtime.run(Runtime.java:109)
	at cucumber.api.cli.Main.run(Main.java:35)
	at cucumber.api.cli.Main$run.call(Unknown Source)
	at com.kms.katalon.core.cucumber.keyword.CucumberBuiltinKeywords$_runFeatureFile_closure1.doCall(CucumberBuiltinKeywords.groovy:108)
	at com.kms.katalon.core.cucumber.keyword.CucumberBuiltinKeywords$_runFeatureFile_closure1.doCall(CucumberBuiltinKeywords.groovy)
	at com.kms.katalon.core.keyword.internal.KeywordMain.runKeyword(KeywordMain.groovy:74)
	... 20 more
Caused by: javax.xml.transform.TransformerException: org.xml.sax.SAXException: The handle is invalid
java.io.IOException: The handle is invalid
	at com.sun.org.apache.xalan.internal.xsltc.trax.TransformerImpl.transform(TransformerImpl.java:740)
	at com.sun.org.apache.xalan.internal.xsltc.trax.TransformerImpl.transform(TransformerImpl.java:343)
	at cucumber.runtime.formatter.JUnitFormatter.finishReport(JUnitFormatter.java:150)
	at cucumber.runtime.formatter.JUnitFormatter.access$400(JUnitFormatter.java:42)
	at cucumber.runtime.formatter.JUnitFormatter$5.receive(JUnitFormatter.java:77)
	at cucumber.runtime.formatter.JUnitFormatter$5.receive(JUnitFormatter.java:74)
	at cucumber.runner.EventBus.send(EventBus.java:28)
	at cucumber.runtime.Runtime.run(Runtime.java:109)
	at cucumber.api.cli.Main.run(Main.java:35)
	at cucumber.api.cli.Main$run.call(Unknown Source)
	at com.kms.katalon.core.cucumber.keyword.CucumberBuiltinKeywords$_runFeatureFile_closure1.doCall(CucumberBuiltinKeywords.groovy:108)
	at com.kms.katalon.core.cucumber.keyword.CucumberBuiltinKeywords$_runFeatureFile_closure1.doCall(CucumberBuiltinKeywords.groovy)
	at com.kms.katalon.core.keyword.internal.KeywordMain.runKeyword(KeywordMain.groovy:74)
	at com.kms.katalon.core.keyword.internal.KeywordMain.runKeyword(KeywordMain.groovy:68)
	at com.kms.katalon.core.keyword.internal.KeywordMain$runKeyword.call(Unknown Source)
	at com.kms.katalon.core.cucumber.keyword.CucumberBuiltinKeywords.runFeatureFile(CucumberBuiltinKeywords.groovy:75)
	at com.kms.katalon.core.cucumber.keyword.CucumberBuiltinKeywords$runFeatureFile$0.callStatic(Unknown Source)
	at com.kms.katalon.core.cucumber.keyword.CucumberBuiltinKeywords.runFeatureFile(CucumberBuiltinKeywords.groovy:248)
	at com.kms.katalon.core.cucumber.keyword.CucumberBuiltinKeywords$runFeatureFile.call(Unknown Source)
	at Script1667620101734.run(Script1667620101734.groovy:24)
	... 13 more
Caused by: org.xml.sax.SAXException: The handle is invalid
java.io.IOException: The handle is invalid
	at com.sun.org.apache.xml.internal.serializer.ToStream.closeStartTag(ToStream.java:2457)
	at com.sun.org.apache.xml.internal.serializer.ToStream.characters(ToStream.java:1366)
	at com.sun.org.apache.xml.internal.serializer.ToUnknownStream.characters(ToUnknownStream.java:814)
	at com.sun.org.apache.xml.internal.serializer.ToUnknownStream.characters(ToUnknownStream.java:348)
	at com.sun.org.apache.xalan.internal.xsltc.trax.DOM2TO.parse(DOM2TO.java:122)
	at com.sun.org.apache.xalan.internal.xsltc.trax.DOM2TO.parse(DOM2TO.java:230)
	at com.sun.org.apache.xalan.internal.xsltc.trax.DOM2TO.parse(DOM2TO.java:230)
	at com.sun.org.apache.xalan.internal.xsltc.trax.DOM2TO.parse(DOM2TO.java:230)
	at com.sun.org.apache.xalan.internal.xsltc.trax.DOM2TO.parse(DOM2TO.java:136)
	at com.sun.org.apache.xalan.internal.xsltc.trax.DOM2TO.parse(DOM2TO.java:98)
	at com.sun.org.apache.xalan.internal.xsltc.trax.TransformerImpl.transformIdentity(TransformerImpl.java:684)
	at com.sun.org.apache.xalan.internal.xsltc.trax.TransformerImpl.transform(TransformerImpl.java:728)
	... 32 more
Caused by: java.io.IOException: The handle is invalid
	at cucumber.runtime.io.URLOutputStream.write(URLOutputStream.java:60)
	at com.sun.org.apache.xml.internal.serializer.ToStream.writeAttrString(ToStream.java:1986)
	at com.sun.org.apache.xml.internal.serializer.ToStream.processAttributes(ToStream.java:1953)
	at com.sun.org.apache.xml.internal.serializer.ToStream.closeStartTag(ToStream.java:2449)
	at com.sun.org.apache.xml.internal.serializer.ToStream.characters(ToStream.java:1366)
	at com.sun.org.apache.xml.internal.serializer.ToUnknownStream.characters(ToUnknownStream.java:814)
	at com.sun.org.apache.xml.internal.serializer.ToUnknownStream.characters(ToUnknownStream.java:348)
	at com.sun.org.apache.xalan.internal.xsltc.trax.DOM2TO.parse(DOM2TO.java:122)
	at com.sun.org.apache.xalan.internal.xsltc.trax.DOM2TO.parse(DOM2TO.java:230)
	at com.sun.org.apache.xalan.internal.xsltc.trax.DOM2TO.parse(DOM2TO.java:230)
	at com.sun.org.apache.xalan.internal.xsltc.trax.DOM2TO.parse(DOM2TO.java:230)
	at com.sun.org.apache.xalan.internal.xsltc.trax.DOM2TO.parse(DOM2TO.java:136)
	at com.sun.org.apache.xalan.internal.xsltc.trax.DOM2TO.parse(DOM2TO.java:98)
	at com.sun.org.apache.xalan.internal.xsltc.trax.TransformerImpl.transformIdentity(TransformerImpl.java:684)
	at com.sun.org.apache.xalan.internal.xsltc.trax.TransformerImpl.transform(TransformerImpl.java:728)
	at com.sun.org.apache.xalan.internal.xsltc.trax.TransformerImpl.transform(TransformerImpl.java:343)
	at cucumber.runtime.formatter.JUnitFormatter.finishReport(JUnitFormatter.java:150)
	at cucumber.runtime.formatter.JUnitFormatter.access$400(JUnitFormatter.java:42)
	at cucumber.runtime.formatter.JUnitFormatter$5.receive(JUnitFormatter.java:77)
	at cucumber.runtime.formatter.JUnitFormatter$5.receive(JUnitFormatter.java:74)
	at cucumber.runner.EventBus.send(EventBus.java:28)
	at cucumber.runtime.Runtime.run(Runtime.java:109)
	at cucumber.api.cli.Main.run(Main.java:35)
	at cucumber.api.cli.Main$run.call(Unknown Source)
	at com.kms.katalon.core.cucumber.keyword.CucumberBuiltinKeywords$_runFeatureFile_closure1.doCall(CucumberBuiltinKeywords.groovy:108)
	at com.kms.katalon.core.cucumber.keyword.CucumberBuiltinKeywords$_runFeatureFile_closure1.doCall(CucumberBuiltinKeywords.groovy)
	at com.kms.katalon.core.keyword.internal.KeywordMain.runKeyword(KeywordMain.groovy:74)
	at com.kms.katalon.core.keyword.internal.KeywordMain.runKeyword(KeywordMain.groovy:68)
	at com.kms.katalon.core.keyword.internal.KeywordMain$runKeyword.call(Unknown Source)
	at com.kms.katalon.core.cucumber.keyword.CucumberBuiltinKeywords.runFeatureFile(CucumberBuiltinKeywords.groovy:75)
	at com.kms.katalon.core.cucumber.keyword.CucumberBuiltinKeywords$runFeatureFile$0.callStatic(Unknown Source)
	at com.kms.katalon.core.cucumber.keyword.CucumberBuiltinKeywords.runFeatureFile(CucumberBuiltinKeywords.groovy:248)
	at com.kms.katalon.core.cucumber.keyword.CucumberBuiltinKeywords$runFeatureFile.call(Unknown Source)
	at Feature Test.run(Feature Test:24)
	... 13 more
"/>
         <system-out><![CDATA[2022-11-05 13:01:12 - [TEST_CASE][FAILED] - Test Cases/Feature Test: Test Cases/Feature Test FAILED.
Reason:
com.kms.katalon.core.exception.StepFailedException: Keyword runFeatureFile was failed (Root cause: cucumber.runtime.CucumberException: Error while transforming.
	at cucumber.runtime.formatter.JUnitFormatter.finishReport(JUnitFormatter.java:153)
	at cucumber.runtime.formatter.JUnitFormatter.access$400(JUnitFormatter.java:42)
	at cucumber.runtime.formatter.JUnitFormatter$5.receive(JUnitFormatter.java:77)
	at cucumber.runtime.formatter.JUnitFormatter$5.receive(JUnitFormatter.java:74)
	at cucumber.runner.EventBus.send(EventBus.java:28)
	at cucumber.runtime.Runtime.run(Runtime.java:109)
	at cucumber.api.cli.Main.run(Main.java:35)
	at cucumber.api.cli.Main$run.call(Unknown Source)
	at com.kms.katalon.core.cucumber.keyword.CucumberBuiltinKeywords$_runFeatureFile_closure1.doCall(CucumberBuiltinKeywords.groovy:108)
	at com.kms.katalon.core.cucumber.keyword.CucumberBuiltinKeywords$_runFeatureFile_closure1.doCall(CucumberBuiltinKeywords.groovy)
	at com.kms.katalon.core.keyword.internal.KeywordMain.runKeyword(KeywordMain.groovy:74)
	at com.kms.katalon.core.keyword.internal.KeywordMain.runKeyword(KeywordMain.groovy:68)
	at com.kms.katalon.core.keyword.internal.KeywordMain$runKeyword.call(Unknown Source)
	at com.kms.katalon.core.cucumber.keyword.CucumberBuiltinKeywords.runFeatureFile(CucumberBuiltinKeywords.groovy:75)
	at com.kms.katalon.core.cucumber.keyword.CucumberBuiltinKeywords$runFeatureFile$0.callStatic(Unknown Source)
	at com.kms.katalon.core.cucumber.keyword.CucumberBuiltinKeywords.runFeatureFile(CucumberBuiltinKeywords.groovy:248)
	at com.kms.katalon.core.cucumber.keyword.CucumberBuiltinKeywords$runFeatureFile.call(Unknown Source)
	at Feature Test.run(Feature Test:24)
	at com.kms.katalon.core.main.ScriptEngine.run(ScriptEngine.java:194)
	at com.kms.katalon.core.main.ScriptEngine.runScriptAsRawText(ScriptEngine.java:119)
	at com.kms.katalon.core.main.TestCaseExecutor.runScript(TestCaseExecutor.java:445)
	at com.kms.katalon.core.main.TestCaseExecutor.doExecute(TestCaseExecutor.java:436)
	at com.kms.katalon.core.main.TestCaseExecutor.processExecutionPhase(TestCaseExecutor.java:415)
	at com.kms.katalon.core.main.TestCaseExecutor.accessMainPhase(TestCaseExecutor.java:407)
	at com.kms.katalon.core.main.TestCaseExecutor.execute(TestCaseExecutor.java:284)
	at com.kms.katalon.core.common.CommonExecutor.accessTestCaseMainPhase(CommonExecutor.java:65)
	at com.kms.katalon.core.main.TestSuiteExecutor.accessTestSuiteMainPhase(TestSuiteExecutor.java:144)
	at com.kms.katalon.core.main.TestSuiteExecutor.execute(TestSuiteExecutor.java:106)
	at com.kms.katalon.core.main.TestCaseMain.startTestSuite(TestCaseMain.java:185)
	at com.kms.katalon.core.main.TestCaseMain$startTestSuite$0.call(Unknown Source)
	at TempTestSuite1667628062132.run(TempTestSuite1667628062132.groovy:36)
Caused by: javax.xml.transform.TransformerException: org.xml.sax.SAXException: The handle is invalid
java.io.IOException: The handle is invalid
	at com.sun.org.apache.xalan.internal.xsltc.trax.TransformerImpl.transform(TransformerImpl.java:740)
	at com.sun.org.apache.xalan.internal.xsltc.trax.TransformerImpl.transform(TransformerImpl.java:343)
	at cucumber.runtime.formatter.JUnitFormatter.finishReport(JUnitFormatter.java:150)
	at cucumber.runtime.formatter.JUnitFormatter.access$400(JUnitFormatter.java:42)
	at cucumber.runtime.formatter.JUnitFormatter$5.receive(JUnitFormatter.java:77)
	at cucumber.runtime.formatter.JUnitFormatter$5.receive(JUnitFormatter.java:74)
	at cucumber.runner.EventBus.send(EventBus.java:28)
	at cucumber.runtime.Runtime.run(Runtime.java:109)
	at cucumber.api.cli.Main.run(Main.java:35)
	at cucumber.api.cli.Main$run.call(Unknown Source)
	at com.kms.katalon.core.cucumber.keyword.CucumberBuiltinKeywords$_runFeatureFile_closure1.doCall(CucumberBuiltinKeywords.groovy:108)
	at com.kms.katalon.core.cucumber.keyword.CucumberBuiltinKeywords$_runFeatureFile_closure1.doCall(CucumberBuiltinKeywords.groovy)
	at com.kms.katalon.core.keyword.internal.KeywordMain.runKeyword(KeywordMain.groovy:74)
	at com.kms.katalon.core.keyword.internal.KeywordMain.runKeyword(KeywordMain.groovy:68)
	at com.kms.katalon.core.keyword.internal.KeywordMain$runKeyword.call(Unknown Source)
	at com.kms.katalon.core.cucumber.keyword.CucumberBuiltinKeywords.runFeatureFile(CucumberBuiltinKeywords.groovy:75)
	at com.kms.katalon.core.cucumber.keyword.CucumberBuiltinKeywords$runFeatureFile$0.callStatic(Unknown Source)
	at com.kms.katalon.core.cucumber.keyword.CucumberBuiltinKeywords.runFeatureFile(CucumberBuiltinKeywords.groovy:248)
	at com.kms.katalon.core.cucumber.keyword.CucumberBuiltinKeywords$runFeatureFile.call(Unknown Source)
	at Script1667620101734.run(Script1667620101734.groovy:24)
	... 13 more
Caused by: org.xml.sax.SAXException: The handle is invalid
java.io.IOException: The handle is invalid
	at com.sun.org.apache.xml.internal.serializer.ToStream.closeStartTag(ToStream.java:2457)
	at com.sun.org.apache.xml.internal.serializer.ToStream.characters(ToStream.java:1366)
	at com.sun.org.apache.xml.internal.serializer.ToUnknownStream.characters(ToUnknownStream.java:814)
	at com.sun.org.apache.xml.internal.serializer.ToUnknownStream.characters(ToUnknownStream.java:348)
	at com.sun.org.apache.xalan.internal.xsltc.trax.DOM2TO.parse(DOM2TO.java:122)
	at com.sun.org.apache.xalan.internal.xsltc.trax.DOM2TO.parse(DOM2TO.java:230)
	at com.sun.org.apache.xalan.internal.xsltc.trax.DOM2TO.parse(DOM2TO.java:230)
	at com.sun.org.apache.xalan.internal.xsltc.trax.DOM2TO.parse(DOM2TO.java:230)
	at com.sun.org.apache.xalan.internal.xsltc.trax.DOM2TO.parse(DOM2TO.java:136)
	at com.sun.org.apache.xalan.internal.xsltc.trax.DOM2TO.parse(DOM2TO.java:98)
	at com.sun.org.apache.xalan.internal.xsltc.trax.TransformerImpl.transformIdentity(TransformerImpl.java:684)
	at com.sun.org.apache.xalan.internal.xsltc.trax.TransformerImpl.transform(TransformerImpl.java:728)
	... 32 more
Caused by: java.io.IOException: The handle is invalid
	at cucumber.runtime.io.URLOutputStream.write(URLOutputStream.java:60)
	at com.sun.org.apache.xml.internal.serializer.ToStream.writeAttrString(ToStream.java:1986)
	at com.sun.org.apache.xml.internal.serializer.ToStream.processAttributes(ToStream.java:1953)
	at com.sun.org.apache.xml.internal.serializer.ToStream.closeStartTag(ToStream.java:2449)
	... 43 more
)
	at com.kms.katalon.core.keyword.internal.KeywordMain.stepFailed(KeywordMain.groovy:50)
	at com.kms.katalon.core.keyword.internal.KeywordMain.stepFailed(KeywordMain.groovy)
	at com.kms.katalon.core.keyword.internal.KeywordMain.runKeyword(KeywordMain.groovy:76)
	at com.kms.katalon.core.keyword.internal.KeywordMain.runKeyword(KeywordMain.groovy:68)
	at com.kms.katalon.core.keyword.internal.KeywordMain$runKeyword.call(Unknown Source)
	at com.kms.katalon.core.cucumber.keyword.CucumberBuiltinKeywords.runFeatureFile(CucumberBuiltinKeywords.groovy:75)
	at com.kms.katalon.core.cucumber.keyword.CucumberBuiltinKeywords$runFeatureFile$0.callStatic(Unknown Source)
	at com.kms.katalon.core.cucumber.keyword.CucumberBuiltinKeywords.runFeatureFile(CucumberBuiltinKeywords.groovy:248)
	at com.kms.katalon.core.cucumber.keyword.CucumberBuiltinKeywords$runFeatureFile.call(Unknown Source)
	at Feature Test.run(Feature Test:24)
	at com.kms.katalon.core.main.ScriptEngine.run(ScriptEngine.java:194)
	at com.kms.katalon.core.main.ScriptEngine.runScriptAsRawText(ScriptEngine.java:119)
	at com.kms.katalon.core.main.TestCaseExecutor.runScript(TestCaseExecutor.java:445)
	at com.kms.katalon.core.main.TestCaseExecutor.doExecute(TestCaseExecutor.java:436)
	at com.kms.katalon.core.main.TestCaseExecutor.processExecutionPhase(TestCaseExecutor.java:415)
	at com.kms.katalon.core.main.TestCaseExecutor.accessMainPhase(TestCaseExecutor.java:407)
	at com.kms.katalon.core.main.TestCaseExecutor.execute(TestCaseExecutor.java:284)
	at com.kms.katalon.core.common.CommonExecutor.accessTestCaseMainPhase(CommonExecutor.java:65)
	at com.kms.katalon.core.main.TestSuiteExecutor.accessTestSuiteMainPhase(TestSuiteExecutor.java:144)
	at com.kms.katalon.core.main.TestSuiteExecutor.execute(TestSuiteExecutor.java:106)
	at com.kms.katalon.core.main.TestCaseMain.startTestSuite(TestCaseMain.java:185)
	at com.kms.katalon.core.main.TestCaseMain$startTestSuite$0.call(Unknown Source)
	at TempTestSuite1667628062132.run(TempTestSuite1667628062132.groovy:36)
Caused by: cucumber.runtime.CucumberException: Error while transforming.
	at cucumber.runtime.formatter.JUnitFormatter.finishReport(JUnitFormatter.java:153)
	at cucumber.runtime.formatter.JUnitFormatter.access$400(JUnitFormatter.java:42)
	at cucumber.runtime.formatter.JUnitFormatter$5.receive(JUnitFormatter.java:77)
	at cucumber.runtime.formatter.JUnitFormatter$5.receive(JUnitFormatter.java:74)
	at cucumber.runner.EventBus.send(EventBus.java:28)
	at cucumber.runtime.Runtime.run(Runtime.java:109)
	at cucumber.api.cli.Main.run(Main.java:35)
	at cucumber.api.cli.Main$run.call(Unknown Source)
	at com.kms.katalon.core.cucumber.keyword.CucumberBuiltinKeywords$_runFeatureFile_closure1.doCall(CucumberBuiltinKeywords.groovy:108)
	at com.kms.katalon.core.cucumber.keyword.CucumberBuiltinKeywords$_runFeatureFile_closure1.doCall(CucumberBuiltinKeywords.groovy)
	at com.kms.katalon.core.keyword.internal.KeywordMain.runKeyword(KeywordMain.groovy:74)
	... 20 more
Caused by: javax.xml.transform.TransformerException: org.xml.sax.SAXException: The handle is invalid
java.io.IOException: The handle is invalid
	at com.sun.org.apache.xalan.internal.xsltc.trax.TransformerImpl.transform(TransformerImpl.java:740)
	at com.sun.org.apache.xalan.internal.xsltc.trax.TransformerImpl.transform(TransformerImpl.java:343)
	at cucumber.runtime.formatter.JUnitFormatter.finishReport(JUnitFormatter.java:150)
	at cucumber.runtime.formatter.JUnitFormatter.access$400(JUnitFormatter.java:42)
	at cucumber.runtime.formatter.JUnitFormatter$5.receive(JUnitFormatter.java:77)
	at cucumber.runtime.formatter.JUnitFormatter$5.receive(JUnitFormatter.java:74)
	at cucumber.runner.EventBus.send(EventBus.java:28)
	at cucumber.runtime.Runtime.run(Runtime.java:109)
	at cucumber.api.cli.Main.run(Main.java:35)
	at cucumber.api.cli.Main$run.call(Unknown Source)
	at com.kms.katalon.core.cucumber.keyword.CucumberBuiltinKeywords$_runFeatureFile_closure1.doCall(CucumberBuiltinKeywords.groovy:108)
	at com.kms.katalon.core.cucumber.keyword.CucumberBuiltinKeywords$_runFeatureFile_closure1.doCall(CucumberBuiltinKeywords.groovy)
	at com.kms.katalon.core.keyword.internal.KeywordMain.runKeyword(KeywordMain.groovy:74)
	at com.kms.katalon.core.keyword.internal.KeywordMain.runKeyword(KeywordMain.groovy:68)
	at com.kms.katalon.core.keyword.internal.KeywordMain$runKeyword.call(Unknown Source)
	at com.kms.katalon.core.cucumber.keyword.CucumberBuiltinKeywords.runFeatureFile(CucumberBuiltinKeywords.groovy:75)
	at com.kms.katalon.core.cucumber.keyword.CucumberBuiltinKeywords$runFeatureFile$0.callStatic(Unknown Source)
	at com.kms.katalon.core.cucumber.keyword.CucumberBuiltinKeywords.runFeatureFile(CucumberBuiltinKeywords.groovy:248)
	at com.kms.katalon.core.cucumber.keyword.CucumberBuiltinKeywords$runFeatureFile.call(Unknown Source)
	at Script1667620101734.run(Script1667620101734.groovy:24)
	... 13 more
Caused by: org.xml.sax.SAXException: The handle is invalid
java.io.IOException: The handle is invalid
	at com.sun.org.apache.xml.internal.serializer.ToStream.closeStartTag(ToStream.java:2457)
	at com.sun.org.apache.xml.internal.serializer.ToStream.characters(ToStream.java:1366)
	at com.sun.org.apache.xml.internal.serializer.ToUnknownStream.characters(ToUnknownStream.java:814)
	at com.sun.org.apache.xml.internal.serializer.ToUnknownStream.characters(ToUnknownStream.java:348)
	at com.sun.org.apache.xalan.internal.xsltc.trax.DOM2TO.parse(DOM2TO.java:122)
	at com.sun.org.apache.xalan.internal.xsltc.trax.DOM2TO.parse(DOM2TO.java:230)
	at com.sun.org.apache.xalan.internal.xsltc.trax.DOM2TO.parse(DOM2TO.java:230)
	at com.sun.org.apache.xalan.internal.xsltc.trax.DOM2TO.parse(DOM2TO.java:230)
	at com.sun.org.apache.xalan.internal.xsltc.trax.DOM2TO.parse(DOM2TO.java:136)
	at com.sun.org.apache.xalan.internal.xsltc.trax.DOM2TO.parse(DOM2TO.java:98)
	at com.sun.org.apache.xalan.internal.xsltc.trax.TransformerImpl.transformIdentity(TransformerImpl.java:684)
	at com.sun.org.apache.xalan.internal.xsltc.trax.TransformerImpl.transform(TransformerImpl.java:728)
	... 32 more
Caused by: java.io.IOException: The handle is invalid
	at cucumber.runtime.io.URLOutputStream.write(URLOutputStream.java:60)
	at com.sun.org.apache.xml.internal.serializer.ToStream.writeAttrString(ToStream.java:1986)
	at com.sun.org.apache.xml.internal.serializer.ToStream.processAttributes(ToStream.java:1953)
	at com.sun.org.apache.xml.internal.serializer.ToStream.closeStartTag(ToStream.java:2449)
	at com.sun.org.apache.xml.internal.serializer.ToStream.characters(ToStream.java:1366)
	at com.sun.org.apache.xml.internal.serializer.ToUnknownStream.characters(ToUnknownStream.java:814)
	at com.sun.org.apache.xml.internal.serializer.ToUnknownStream.characters(ToUnknownStream.java:348)
	at com.sun.org.apache.xalan.internal.xsltc.trax.DOM2TO.parse(DOM2TO.java:122)
	at com.sun.org.apache.xalan.internal.xsltc.trax.DOM2TO.parse(DOM2TO.java:230)
	at com.sun.org.apache.xalan.internal.xsltc.trax.DOM2TO.parse(DOM2TO.java:230)
	at com.sun.org.apache.xalan.internal.xsltc.trax.DOM2TO.parse(DOM2TO.java:230)
	at com.sun.org.apache.xalan.internal.xsltc.trax.DOM2TO.parse(DOM2TO.java:136)
	at com.sun.org.apache.xalan.internal.xsltc.trax.DOM2TO.parse(DOM2TO.java:98)
	at com.sun.org.apache.xalan.internal.xsltc.trax.TransformerImpl.transformIdentity(TransformerImpl.java:684)
	at com.sun.org.apache.xalan.internal.xsltc.trax.TransformerImpl.transform(TransformerImpl.java:728)
	at com.sun.org.apache.xalan.internal.xsltc.trax.TransformerImpl.transform(TransformerImpl.java:343)
	at cucumber.runtime.formatter.JUnitFormatter.finishReport(JUnitFormatter.java:150)
	at cucumber.runtime.formatter.JUnitFormatter.access$400(JUnitFormatter.java:42)
	at cucumber.runtime.formatter.JUnitFormatter$5.receive(JUnitFormatter.java:77)
	at cucumber.runtime.formatter.JUnitFormatter$5.receive(JUnitFormatter.java:74)
	at cucumber.runner.EventBus.send(EventBus.java:28)
	at cucumber.runtime.Runtime.run(Runtime.java:109)
	at cucumber.api.cli.Main.run(Main.java:35)
	at cucumber.api.cli.Main$run.call(Unknown Source)
	at com.kms.katalon.core.cucumber.keyword.CucumberBuiltinKeywords$_runFeatureFile_closure1.doCall(CucumberBuiltinKeywords.groovy:108)
	at com.kms.katalon.core.cucumber.keyword.CucumberBuiltinKeywords$_runFeatureFile_closure1.doCall(CucumberBuiltinKeywords.groovy)
	at com.kms.katalon.core.keyword.internal.KeywordMain.runKeyword(KeywordMain.groovy:74)
	at com.kms.katalon.core.keyword.internal.KeywordMain.runKeyword(KeywordMain.groovy:68)
	at com.kms.katalon.core.keyword.internal.KeywordMain$runKeyword.call(Unknown Source)
	at com.kms.katalon.core.cucumber.keyword.CucumberBuiltinKeywords.runFeatureFile(CucumberBuiltinKeywords.groovy:75)
	at com.kms.katalon.core.cucumber.keyword.CucumberBuiltinKeywords$runFeatureFile$0.callStatic(Unknown Source)
	at com.kms.katalon.core.cucumber.keyword.CucumberBuiltinKeywords.runFeatureFile(CucumberBuiltinKeywords.groovy:248)
	at com.kms.katalon.core.cucumber.keyword.CucumberBuiltinKeywords$runFeatureFile.call(Unknown Source)
	at Feature Test.run(Feature Test:24)
	... 13 more


2022-11-05 13:01:12 - [TEST_STEP][PASSED] - runFeatureFile("Include/features/register.feature"): Feature file: 'Include/features/register.feature' was passed

2022-11-05 13:01:13 - [MESSAGE][INFO] - Starting run keyword runFeatureFile: 'Include/features/register.feature' and extract report to folder: 'C:\Users\Athif\git\MiniProjectMobile\Reports\20221105_130102\Test Suite Mobile\20221105_130102/cucumber_report/1667628073135'...

2022-11-05 13:01:14 - [TEST_CASE][PASSED] - Start Test Case : SCENARIO Register new account: SCENARIO Register new account

2022-11-05 13:01:14 - [TEST_STEP][PASSED] - User navigate to homepage: User navigate to homepage

2022-11-05 13:01:15 - [MESSAGE][INFO] - Detected NodeJS location: "C:\Program Files\nodejs\node.exe"

2022-11-05 13:01:19 - [MESSAGE][INFO] - Appium server started on port 57,285

2022-11-05 13:01:59 - [MESSAGE][PASSED] - Starting app with application ID: 'com.example.frontend_mobile'

2022-11-05 13:01:59 - [MESSAGE][PASSED] - User navigate to homepage

2022-11-05 13:01:59 - [TEST_STEP][PASSED] - User tap on login button: User tap on login button

2022-11-05 13:01:59 - [MESSAGE][WARNING] - Timeout '0' is invalid. Using default page load timeout: '30'

2022-11-05 13:02:01 - [MESSAGE][PASSED] - Tapped on element 'Object Repository/android.login.Button'

2022-11-05 13:02:01 - [MESSAGE][PASSED] - User tap on login button

2022-11-05 13:02:01 - [TEST_STEP][PASSED] - User tap on register link: User tap on register link

2022-11-05 13:02:01 - [MESSAGE][WARNING] - Timeout '0' is invalid. Using default page load timeout: '30'

2022-11-05 13:02:02 - [MESSAGE][PASSED] - Tapped on element 'Object Repository/Register/android.widget.Button (4)'

2022-11-05 13:02:02 - [MESSAGE][PASSED] - User tap on register link

2022-11-05 13:02:02 - [TEST_STEP][PASSED] - User input zack , zackmobilegz1@gmail.com and zack123: User input zack , zackmobilegz1@gmail.com and zack123

2022-11-05 13:02:02 - [MESSAGE][WARNING] - Timeout '0' is invalid. Using default page load timeout: '30'

2022-11-05 13:02:04 - [MESSAGE][PASSED] - Tapped on element 'Object Repository/Register/android.widget.EditText - Alex Under, Fullname (2)'

2022-11-05 13:02:04 - [MESSAGE][WARNING] - Timeout '0' is invalid. Using default page load timeout: '30'

2022-11-05 13:02:05 - [MESSAGE][PASSED] - Text 'zack' has been set to element 'Object Repository/Register/android.widget.EditText - Alex Under, Fullname (3)'

2022-11-05 13:02:05 - [MESSAGE][WARNING] - Timeout '0' is invalid. Using default page load timeout: '30'

2022-11-05 13:02:06 - [MESSAGE][PASSED] - Tapped on element 'Object Repository/Register/android.widget.EditText - alexemail.com, Email (2)'

2022-11-05 13:02:06 - [MESSAGE][WARNING] - Timeout '0' is invalid. Using default page load timeout: '30'

2022-11-05 13:02:07 - [MESSAGE][PASSED] - Text 'zackmobilegz1@gmail.com' has been set to element 'Object Repository/Register/android.widget.EditText - alexemail.com, Email (3)'

2022-11-05 13:02:07 - [MESSAGE][WARNING] - Timeout '0' is invalid. Using default page load timeout: '30'

2022-11-05 13:02:08 - [MESSAGE][PASSED] - Tapped on element 'Object Repository/Register/android.widget.EditText - 123123123, Password (2)'

2022-11-05 13:02:08 - [MESSAGE][WARNING] - Timeout '0' is invalid. Using default page load timeout: '30'

2022-11-05 13:02:09 - [MESSAGE][PASSED] - Text 'zack123' has been set to element 'Object Repository/Register/android.widget.EditText - 123123123, Password (3)'

2022-11-05 13:02:09 - [MESSAGE][WARNING] - Timeout '0' is invalid. Using default page load timeout: '30'

2022-11-05 13:02:11 - [MESSAGE][PASSED] - Tapped on element 'Object Repository/android.register.Button'

2022-11-05 13:02:11 - [MESSAGE][PASSED] - User input zack , zackmobilegz1@gmail.com and zack123

2022-11-05 13:02:11 - [TEST_STEP][PASSED] - User success register new account: User success register new account

2022-11-05 13:02:11 - [MESSAGE][PASSED] - Press back button successfully

2022-11-05 13:02:12 - [MESSAGE][PASSED] - Close app successfully

2022-11-05 13:02:12 - [MESSAGE][PASSED] - User success register new account

2022-11-05 13:02:12 - [TEST_CASE][PASSED] - Start Test Case : SCENARIO Register new account with empty data: SCENARIO Register new account with empty data

2022-11-05 13:02:12 - [TEST_STEP][PASSED] - User navigate to homepage: User navigate to homepage

2022-11-05 13:02:13 - [MESSAGE][INFO] - Detected NodeJS location: "C:\Program Files\nodejs\node.exe"

2022-11-05 13:02:15 - [MESSAGE][INFO] - Appium server started on port 57,445

2022-11-05 13:02:42 - [MESSAGE][PASSED] - Starting app with application ID: 'com.example.frontend_mobile'

2022-11-05 13:02:42 - [MESSAGE][PASSED] - User navigate to homepage

2022-11-05 13:02:42 - [TEST_STEP][PASSED] - User tap on login button: User tap on login button

2022-11-05 13:02:42 - [MESSAGE][WARNING] - Timeout '0' is invalid. Using default page load timeout: '30'

2022-11-05 13:02:44 - [MESSAGE][PASSED] - Tapped on element 'Object Repository/android.login.Button'

2022-11-05 13:02:44 - [MESSAGE][PASSED] - User tap on login button

2022-11-05 13:02:44 - [TEST_STEP][PASSED] - User tap on register link: User tap on register link

2022-11-05 13:02:44 - [MESSAGE][WARNING] - Timeout '0' is invalid. Using default page load timeout: '30'

2022-11-05 13:02:48 - [MESSAGE][PASSED] - Tapped on element 'Object Repository/Register/android.widget.Button (4)'

2022-11-05 13:02:48 - [MESSAGE][PASSED] - User tap on register link

2022-11-05 13:02:48 - [TEST_STEP][PASSED] - User input zack , zackmobileee@gmail.com and zack123: User input zack , zackmobileee@gmail.com and zack123

2022-11-05 13:02:49 - [MESSAGE][WARNING] - Timeout '0' is invalid. Using default page load timeout: '30'

2022-11-05 13:02:50 - [MESSAGE][PASSED] - Tapped on element 'Object Repository/Register/android.widget.EditText - Alex Under, Fullname (2)'

2022-11-05 13:02:50 - [MESSAGE][WARNING] - Timeout '0' is invalid. Using default page load timeout: '30'

2022-11-05 13:02:51 - [MESSAGE][PASSED] - Text 'zack' has been set to element 'Object Repository/Register/android.widget.EditText - Alex Under, Fullname (3)'

2022-11-05 13:02:51 - [MESSAGE][WARNING] - Timeout '0' is invalid. Using default page load timeout: '30'

2022-11-05 13:02:53 - [MESSAGE][PASSED] - Tapped on element 'Object Repository/Register/android.widget.EditText - alexemail.com, Email (2)'

2022-11-05 13:02:53 - [MESSAGE][WARNING] - Timeout '0' is invalid. Using default page load timeout: '30'

2022-11-05 13:02:54 - [MESSAGE][PASSED] - Text 'zackmobileee@gmail.com' has been set to element 'Object Repository/Register/android.widget.EditText - alexemail.com, Email (3)'

2022-11-05 13:02:54 - [MESSAGE][WARNING] - Timeout '0' is invalid. Using default page load timeout: '30'

2022-11-05 13:02:55 - [MESSAGE][PASSED] - Tapped on element 'Object Repository/Register/android.widget.EditText - 123123123, Password (2)'

2022-11-05 13:02:55 - [MESSAGE][WARNING] - Timeout '0' is invalid. Using default page load timeout: '30'

2022-11-05 13:02:56 - [MESSAGE][PASSED] - Text 'zack123' has been set to element 'Object Repository/Register/android.widget.EditText - 123123123, Password (3)'

2022-11-05 13:02:56 - [MESSAGE][WARNING] - Timeout '0' is invalid. Using default page load timeout: '30'

2022-11-05 13:02:58 - [MESSAGE][PASSED] - Tapped on element 'Object Repository/android.register.Button'

2022-11-05 13:02:58 - [MESSAGE][PASSED] - User input zack , zackmobileee@gmail.com and zack123

2022-11-05 13:02:58 - [TEST_STEP][PASSED] - User failed register new account: User failed register new account

2022-11-05 13:02:58 - [MESSAGE][WARNING] - Timeout '0' is invalid. Using default page load timeout: '30'

2022-11-05 13:02:58 - [MESSAGE][PASSED] - Element 'Object Repository/android.register.Button' is visible

2022-11-05 13:02:58 - [MESSAGE][PASSED] - Press back button successfully

2022-11-05 13:02:59 - [MESSAGE][PASSED] - Close app successfully

2022-11-05 13:02:59 - [MESSAGE][PASSED] - User failed register new account

2022-11-05 13:02:59 - [TEST_CASE][PASSED] - Start Test Case : SCENARIO Register new account with empty data: SCENARIO Register new account with empty data

2022-11-05 13:02:59 - [TEST_STEP][PASSED] - User navigate to homepage: User navigate to homepage

2022-11-05 13:02:59 - [MESSAGE][INFO] - Detected NodeJS location: "C:\Program Files\nodejs\node.exe"

2022-11-05 13:03:01 - [MESSAGE][INFO] - Appium server started on port 57,590

2022-11-05 13:03:37 - [MESSAGE][PASSED] - Starting app with application ID: 'com.example.frontend_mobile'

2022-11-05 13:03:37 - [MESSAGE][PASSED] - User navigate to homepage

2022-11-05 13:03:37 - [TEST_STEP][PASSED] - User tap on login button: User tap on login button

2022-11-05 13:03:38 - [MESSAGE][WARNING] - Timeout '0' is invalid. Using default page load timeout: '30'

2022-11-05 13:03:40 - [MESSAGE][PASSED] - Tapped on element 'Object Repository/android.login.Button'

2022-11-05 13:03:40 - [MESSAGE][PASSED] - User tap on login button

2022-11-05 13:03:40 - [TEST_STEP][PASSED] - User tap on register link: User tap on register link

2022-11-05 13:03:40 - [MESSAGE][WARNING] - Timeout '0' is invalid. Using default page load timeout: '30'

2022-11-05 13:03:45 - [MESSAGE][PASSED] - Tapped on element 'Object Repository/Register/android.widget.Button (4)'

2022-11-05 13:03:45 - [MESSAGE][PASSED] - User tap on register link

2022-11-05 13:03:45 - [TEST_STEP][PASSED] - User input zack , zackmobileee@gmail.com and : User input zack , zackmobileee@gmail.com and 

2022-11-05 13:03:45 - [MESSAGE][WARNING] - Timeout '0' is invalid. Using default page load timeout: '30'

2022-11-05 13:03:46 - [MESSAGE][PASSED] - Tapped on element 'Object Repository/Register/android.widget.EditText - Alex Under, Fullname (2)'

2022-11-05 13:03:46 - [MESSAGE][WARNING] - Timeout '0' is invalid. Using default page load timeout: '30'

2022-11-05 13:03:47 - [MESSAGE][PASSED] - Text 'zack' has been set to element 'Object Repository/Register/android.widget.EditText - Alex Under, Fullname (3)'

2022-11-05 13:03:47 - [MESSAGE][WARNING] - Timeout '0' is invalid. Using default page load timeout: '30'

2022-11-05 13:03:49 - [MESSAGE][PASSED] - Tapped on element 'Object Repository/Register/android.widget.EditText - alexemail.com, Email (2)'

2022-11-05 13:03:49 - [MESSAGE][WARNING] - Timeout '0' is invalid. Using default page load timeout: '30'

2022-11-05 13:03:50 - [MESSAGE][PASSED] - Text 'zackmobileee@gmail.com' has been set to element 'Object Repository/Register/android.widget.EditText - alexemail.com, Email (3)'

2022-11-05 13:03:50 - [MESSAGE][WARNING] - Timeout '0' is invalid. Using default page load timeout: '30'

2022-11-05 13:03:51 - [MESSAGE][PASSED] - Tapped on element 'Object Repository/Register/android.widget.EditText - 123123123, Password (2)'

2022-11-05 13:03:51 - [MESSAGE][WARNING] - Timeout '0' is invalid. Using default page load timeout: '30'

2022-11-05 13:03:53 - [MESSAGE][PASSED] - Text '' has been set to element 'Object Repository/Register/android.widget.EditText - 123123123, Password (3)'

2022-11-05 13:03:53 - [MESSAGE][WARNING] - Timeout '0' is invalid. Using default page load timeout: '30'

2022-11-05 13:03:54 - [MESSAGE][PASSED] - Tapped on element 'Object Repository/android.register.Button'

2022-11-05 13:03:54 - [MESSAGE][PASSED] - User input zack , zackmobileee@gmail.com and 

2022-11-05 13:03:54 - [TEST_STEP][PASSED] - User failed register new account: User failed register new account

2022-11-05 13:03:54 - [MESSAGE][WARNING] - Timeout '0' is invalid. Using default page load timeout: '30'

2022-11-05 13:03:54 - [MESSAGE][PASSED] - Element 'Object Repository/android.register.Button' is visible

2022-11-05 13:03:54 - [MESSAGE][PASSED] - Press back button successfully

2022-11-05 13:03:55 - [MESSAGE][PASSED] - Close app successfully

2022-11-05 13:03:55 - [MESSAGE][PASSED] - User failed register new account

2022-11-05 13:03:55 - [TEST_CASE][PASSED] - Start Test Case : SCENARIO Register new account with empty data: SCENARIO Register new account with empty data

2022-11-05 13:03:55 - [TEST_STEP][PASSED] - User navigate to homepage: User navigate to homepage

2022-11-05 13:03:55 - [MESSAGE][INFO] - Detected NodeJS location: "C:\Program Files\nodejs\node.exe"

2022-11-05 13:03:57 - [MESSAGE][INFO] - Appium server started on port 57,747

2022-11-05 13:04:33 - [MESSAGE][PASSED] - Starting app with application ID: 'com.example.frontend_mobile'

2022-11-05 13:04:33 - [MESSAGE][PASSED] - User navigate to homepage

2022-11-05 13:04:33 - [TEST_STEP][PASSED] - User tap on login button: User tap on login button

2022-11-05 13:04:33 - [MESSAGE][WARNING] - Timeout '0' is invalid. Using default page load timeout: '30'

2022-11-05 13:04:35 - [MESSAGE][PASSED] - Tapped on element 'Object Repository/android.login.Button'

2022-11-05 13:04:35 - [MESSAGE][PASSED] - User tap on login button

2022-11-05 13:04:35 - [TEST_STEP][PASSED] - User tap on register link: User tap on register link

2022-11-05 13:04:35 - [MESSAGE][WARNING] - Timeout '0' is invalid. Using default page load timeout: '30'

2022-11-05 13:04:42 - [MESSAGE][PASSED] - Tapped on element 'Object Repository/Register/android.widget.Button (4)'

2022-11-05 13:04:42 - [MESSAGE][PASSED] - User tap on register link

2022-11-05 13:04:42 - [TEST_STEP][PASSED] - User input zack ,  and zack123: User input zack ,  and zack123

2022-11-05 13:04:42 - [MESSAGE][WARNING] - Timeout '0' is invalid. Using default page load timeout: '30'

2022-11-05 13:04:44 - [MESSAGE][PASSED] - Tapped on element 'Object Repository/Register/android.widget.EditText - Alex Under, Fullname (2)'

2022-11-05 13:04:44 - [MESSAGE][WARNING] - Timeout '0' is invalid. Using default page load timeout: '30'

2022-11-05 13:04:45 - [MESSAGE][PASSED] - Text 'zack' has been set to element 'Object Repository/Register/android.widget.EditText - Alex Under, Fullname (3)'

2022-11-05 13:04:45 - [MESSAGE][WARNING] - Timeout '0' is invalid. Using default page load timeout: '30'

2022-11-05 13:04:47 - [MESSAGE][PASSED] - Tapped on element 'Object Repository/Register/android.widget.EditText - alexemail.com, Email (2)'

2022-11-05 13:04:47 - [MESSAGE][WARNING] - Timeout '0' is invalid. Using default page load timeout: '30'

2022-11-05 13:04:48 - [MESSAGE][PASSED] - Text '' has been set to element 'Object Repository/Register/android.widget.EditText - alexemail.com, Email (3)'

2022-11-05 13:04:48 - [MESSAGE][WARNING] - Timeout '0' is invalid. Using default page load timeout: '30'

2022-11-05 13:04:49 - [MESSAGE][PASSED] - Tapped on element 'Object Repository/Register/android.widget.EditText - 123123123, Password (2)'

2022-11-05 13:04:49 - [MESSAGE][WARNING] - Timeout '0' is invalid. Using default page load timeout: '30'

2022-11-05 13:04:50 - [MESSAGE][PASSED] - Text 'zack123' has been set to element 'Object Repository/Register/android.widget.EditText - 123123123, Password (3)'

2022-11-05 13:04:50 - [MESSAGE][WARNING] - Timeout '0' is invalid. Using default page load timeout: '30'

2022-11-05 13:04:51 - [MESSAGE][PASSED] - Tapped on element 'Object Repository/android.register.Button'

2022-11-05 13:04:51 - [MESSAGE][PASSED] - User input zack ,  and zack123

2022-11-05 13:04:51 - [TEST_STEP][PASSED] - User failed register new account: User failed register new account

2022-11-05 13:04:52 - [MESSAGE][WARNING] - Timeout '0' is invalid. Using default page load timeout: '30'

2022-11-05 13:04:52 - [MESSAGE][PASSED] - Element 'Object Repository/android.register.Button' is visible

2022-11-05 13:04:52 - [MESSAGE][PASSED] - Press back button successfully

2022-11-05 13:04:52 - [MESSAGE][PASSED] - Close app successfully

2022-11-05 13:04:52 - [MESSAGE][PASSED] - User failed register new account

2022-11-05 13:04:52 - [TEST_CASE][PASSED] - Start Test Case : SCENARIO Register new account with empty data: SCENARIO Register new account with empty data

2022-11-05 13:04:52 - [TEST_STEP][PASSED] - User navigate to homepage: User navigate to homepage

2022-11-05 13:04:53 - [MESSAGE][INFO] - Detected NodeJS location: "C:\Program Files\nodejs\node.exe"

2022-11-05 13:04:55 - [MESSAGE][INFO] - Appium server started on port 57,905

2022-11-05 13:05:31 - [MESSAGE][PASSED] - Starting app with application ID: 'com.example.frontend_mobile'

2022-11-05 13:05:31 - [MESSAGE][PASSED] - User navigate to homepage

2022-11-05 13:05:31 - [TEST_STEP][PASSED] - User tap on login button: User tap on login button

2022-11-05 13:05:31 - [MESSAGE][WARNING] - Timeout '0' is invalid. Using default page load timeout: '30'

2022-11-05 13:05:33 - [MESSAGE][PASSED] - Tapped on element 'Object Repository/android.login.Button'

2022-11-05 13:05:33 - [MESSAGE][PASSED] - User tap on login button

2022-11-05 13:05:33 - [TEST_STEP][PASSED] - User tap on register link: User tap on register link

2022-11-05 13:05:34 - [MESSAGE][WARNING] - Timeout '0' is invalid. Using default page load timeout: '30'

2022-11-05 13:05:39 - [MESSAGE][PASSED] - Tapped on element 'Object Repository/Register/android.widget.Button (4)'

2022-11-05 13:05:39 - [MESSAGE][PASSED] - User tap on register link

2022-11-05 13:05:39 - [TEST_STEP][PASSED] - User input  , zackmobileee@gmail.com and zack123: User input  , zackmobileee@gmail.com and zack123

2022-11-05 13:05:39 - [MESSAGE][WARNING] - Timeout '0' is invalid. Using default page load timeout: '30'

2022-11-05 13:05:41 - [MESSAGE][PASSED] - Tapped on element 'Object Repository/Register/android.widget.EditText - Alex Under, Fullname (2)'

2022-11-05 13:05:41 - [MESSAGE][WARNING] - Timeout '0' is invalid. Using default page load timeout: '30'

2022-11-05 13:05:42 - [MESSAGE][PASSED] - Text '' has been set to element 'Object Repository/Register/android.widget.EditText - Alex Under, Fullname (3)'

2022-11-05 13:05:42 - [MESSAGE][WARNING] - Timeout '0' is invalid. Using default page load timeout: '30'

2022-11-05 13:05:42 - [MESSAGE][PASSED] - Tapped on element 'Object Repository/Register/android.widget.EditText - alexemail.com, Email (2)'

2022-11-05 13:05:42 - [MESSAGE][WARNING] - Timeout '0' is invalid. Using default page load timeout: '30'

2022-11-05 13:05:43 - [MESSAGE][PASSED] - Text 'zackmobileee@gmail.com' has been set to element 'Object Repository/Register/android.widget.EditText - alexemail.com, Email (3)'

2022-11-05 13:05:43 - [MESSAGE][WARNING] - Timeout '0' is invalid. Using default page load timeout: '30'

2022-11-05 13:05:45 - [MESSAGE][PASSED] - Tapped on element 'Object Repository/Register/android.widget.EditText - 123123123, Password (2)'

2022-11-05 13:05:45 - [MESSAGE][WARNING] - Timeout '0' is invalid. Using default page load timeout: '30'

2022-11-05 13:05:46 - [MESSAGE][PASSED] - Text 'zack123' has been set to element 'Object Repository/Register/android.widget.EditText - 123123123, Password (3)'

2022-11-05 13:05:46 - [MESSAGE][WARNING] - Timeout '0' is invalid. Using default page load timeout: '30'

2022-11-05 13:05:48 - [MESSAGE][PASSED] - Tapped on element 'Object Repository/android.register.Button'

2022-11-05 13:05:48 - [MESSAGE][PASSED] - User input  , zackmobileee@gmail.com and zack123

2022-11-05 13:05:48 - [TEST_STEP][PASSED] - User failed register new account: User failed register new account

2022-11-05 13:05:48 - [MESSAGE][WARNING] - Timeout '0' is invalid. Using default page load timeout: '30'

2022-11-05 13:05:48 - [MESSAGE][PASSED] - Element 'Object Repository/android.register.Button' is visible

2022-11-05 13:05:49 - [MESSAGE][PASSED] - Press back button successfully

2022-11-05 13:05:49 - [MESSAGE][PASSED] - Close app successfully

2022-11-05 13:05:49 - [MESSAGE][PASSED] - User failed register new account

2022-11-05 13:05:49 - [MESSAGE][PASSED] - Feature file: 'Include/features/register.feature' was passed

2022-11-05 13:05:49 - [TEST_STEP][PASSED] - runFeatureFile("Include/features/login.feature"): Feature file: 'Include/features/login.feature' was passed

2022-11-05 13:05:49 - [MESSAGE][INFO] - Starting run keyword runFeatureFile: 'Include/features/login.feature' and extract report to folder: 'C:\Users\Athif\git\MiniProjectMobile\Reports\20221105_130102\Test Suite Mobile\20221105_130102/cucumber_report/1667628349723'...

2022-11-05 13:05:50 - [TEST_CASE][PASSED] - Start Test Case : SCENARIO Login with valid account: SCENARIO Login with valid account

2022-11-05 13:05:50 - [TEST_STEP][PASSED] - User navigate to homepage: User navigate to homepage

2022-11-05 13:05:50 - [MESSAGE][INFO] - Detected NodeJS location: "C:\Program Files\nodejs\node.exe"

2022-11-05 13:05:52 - [MESSAGE][INFO] - Appium server started on port 58,062

2022-11-05 13:06:28 - [MESSAGE][PASSED] - Starting app with application ID: 'com.example.frontend_mobile'

2022-11-05 13:06:28 - [MESSAGE][PASSED] - User navigate to homepage

2022-11-05 13:06:28 - [TEST_STEP][PASSED] - User tap on login button: User tap on login button

2022-11-05 13:06:28 - [MESSAGE][WARNING] - Timeout '0' is invalid. Using default page load timeout: '30'

2022-11-05 13:06:30 - [MESSAGE][PASSED] - Tapped on element 'Object Repository/android.login.Button'

2022-11-05 13:06:30 - [MESSAGE][PASSED] - User tap on login button

2022-11-05 13:06:30 - [TEST_STEP][PASSED] - Input zackmobile@gmail.com and zack123: Input zackmobile@gmail.com and zack123

2022-11-05 13:06:30 - [MESSAGE][WARNING] - Timeout '0' is invalid. Using default page load timeout: '30'

2022-11-05 13:06:35 - [MESSAGE][PASSED] - Tapped on element 'Object Repository/Login/android.widget.EditText - Email'

2022-11-05 13:06:35 - [MESSAGE][WARNING] - Timeout '0' is invalid. Using default page load timeout: '30'

2022-11-05 13:06:36 - [MESSAGE][PASSED] - Text 'zackmobile@gmail.com' has been set to element 'Object Repository/Login/android.widget.EditText - Email (1)'

2022-11-05 13:06:36 - [MESSAGE][WARNING] - Timeout '0' is invalid. Using default page load timeout: '30'

2022-11-05 13:06:36 - [MESSAGE][PASSED] - Tapped on element 'Object Repository/Login/android.widget.EditText - Password'

2022-11-05 13:06:36 - [MESSAGE][WARNING] - Timeout '0' is invalid. Using default page load timeout: '30'

2022-11-05 13:06:37 - [MESSAGE][PASSED] - Text 'zack123' has been set to element 'Object Repository/Login/android.widget.EditText - Password (1)'

2022-11-05 13:06:37 - [MESSAGE][WARNING] - Timeout '0' is invalid. Using default page load timeout: '30'

2022-11-05 13:06:38 - [MESSAGE][PASSED] - Tapped on element 'Object Repository/Login/android.widget.Button (1)'

2022-11-05 13:06:38 - [MESSAGE][PASSED] - Input zackmobile@gmail.com and zack123

2022-11-05 13:06:38 - [TEST_STEP][PASSED] - User success login and navigate to homepage: User success login and navigate to homepage

2022-11-05 13:06:39 - [MESSAGE][WARNING] - Timeout '0' is invalid. Using default page load timeout: '30'

2022-11-05 13:06:40 - [MESSAGE][PASSED] - Element 'Object Repository/Login/android.view.View' is visible

2022-11-05 13:06:41 - [MESSAGE][PASSED] - Press back button successfully

2022-11-05 13:06:41 - [MESSAGE][PASSED] - Close app successfully

2022-11-05 13:06:41 - [MESSAGE][PASSED] - User success login and navigate to homepage

2022-11-05 13:06:41 - [TEST_CASE][PASSED] - Start Test Case : SCENARIO Login with false data: SCENARIO Login with false data

2022-11-05 13:06:41 - [TEST_STEP][PASSED] - User navigate to homepage: User navigate to homepage

2022-11-05 13:06:41 - [MESSAGE][INFO] - Detected NodeJS location: "C:\Program Files\nodejs\node.exe"

2022-11-05 13:06:44 - [MESSAGE][INFO] - Appium server started on port 58,218

2022-11-05 13:07:19 - [MESSAGE][PASSED] - Starting app with application ID: 'com.example.frontend_mobile'

2022-11-05 13:07:19 - [MESSAGE][PASSED] - User navigate to homepage

2022-11-05 13:07:19 - [TEST_STEP][PASSED] - User tap on login button: User tap on login button

2022-11-05 13:07:19 - [MESSAGE][WARNING] - Timeout '0' is invalid. Using default page load timeout: '30'

2022-11-05 13:07:22 - [MESSAGE][PASSED] - Tapped on element 'Object Repository/android.login.Button'

2022-11-05 13:07:22 - [MESSAGE][PASSED] - User tap on login button

2022-11-05 13:07:22 - [TEST_STEP][PASSED] - Input aaaaaaa and zack123: Input aaaaaaa and zack123

2022-11-05 13:07:22 - [MESSAGE][WARNING] - Timeout '0' is invalid. Using default page load timeout: '30'

2022-11-05 13:07:23 - [MESSAGE][PASSED] - Tapped on element 'Object Repository/Login/android.widget.EditText - Email'

2022-11-05 13:07:23 - [MESSAGE][WARNING] - Timeout '0' is invalid. Using default page load timeout: '30'

2022-11-05 13:07:24 - [MESSAGE][PASSED] - Text 'aaaaaaa' has been set to element 'Object Repository/Login/android.widget.EditText - Email (1)'

2022-11-05 13:07:24 - [MESSAGE][WARNING] - Timeout '0' is invalid. Using default page load timeout: '30'

2022-11-05 13:07:25 - [MESSAGE][PASSED] - Tapped on element 'Object Repository/Login/android.widget.EditText - Password'

2022-11-05 13:07:25 - [MESSAGE][WARNING] - Timeout '0' is invalid. Using default page load timeout: '30'

2022-11-05 13:07:26 - [MESSAGE][PASSED] - Text 'zack123' has been set to element 'Object Repository/Login/android.widget.EditText - Password (1)'

2022-11-05 13:07:26 - [MESSAGE][WARNING] - Timeout '0' is invalid. Using default page load timeout: '30'

2022-11-05 13:07:27 - [MESSAGE][PASSED] - Tapped on element 'Object Repository/Login/android.widget.Button (1)'

2022-11-05 13:07:27 - [MESSAGE][PASSED] - Input aaaaaaa and zack123

2022-11-05 13:07:27 - [TEST_STEP][PASSED] - User failed login: User failed login

2022-11-05 13:07:27 - [MESSAGE][WARNING] - Timeout '0' is invalid. Using default page load timeout: '30'

2022-11-05 13:07:27 - [MESSAGE][PASSED] - Element 'Object Repository/android.login.Button' is visible

2022-11-05 13:07:27 - [MESSAGE][PASSED] - Press back button successfully

2022-11-05 13:07:28 - [MESSAGE][PASSED] - Close app successfully

2022-11-05 13:07:28 - [MESSAGE][PASSED] - User failed login

2022-11-05 13:07:28 - [TEST_CASE][PASSED] - Start Test Case : SCENARIO Login with false data: SCENARIO Login with false data

2022-11-05 13:07:28 - [TEST_STEP][PASSED] - User navigate to homepage: User navigate to homepage

2022-11-05 13:07:28 - [MESSAGE][INFO] - Detected NodeJS location: "C:\Program Files\nodejs\node.exe"

2022-11-05 13:07:30 - [MESSAGE][INFO] - Appium server started on port 58,372

2022-11-05 13:08:07 - [MESSAGE][PASSED] - Starting app with application ID: 'com.example.frontend_mobile'

2022-11-05 13:08:07 - [MESSAGE][PASSED] - User navigate to homepage

2022-11-05 13:08:07 - [TEST_STEP][PASSED] - User tap on login button: User tap on login button

2022-11-05 13:08:07 - [MESSAGE][WARNING] - Timeout '0' is invalid. Using default page load timeout: '30'

2022-11-05 13:08:09 - [MESSAGE][PASSED] - Tapped on element 'Object Repository/android.login.Button'

2022-11-05 13:08:09 - [MESSAGE][PASSED] - User tap on login button

2022-11-05 13:08:09 - [TEST_STEP][PASSED] - Input zackmobile@gmail.com and ..x.xz: Input zackmobile@gmail.com and ..x.xz

2022-11-05 13:08:09 - [MESSAGE][WARNING] - Timeout '0' is invalid. Using default page load timeout: '30'

2022-11-05 13:08:20 - [MESSAGE][PASSED] - Tapped on element 'Object Repository/Login/android.widget.EditText - Email'

2022-11-05 13:08:20 - [MESSAGE][WARNING] - Timeout '0' is invalid. Using default page load timeout: '30'

2022-11-05 13:08:20 - [MESSAGE][PASSED] - Text 'zackmobile@gmail.com' has been set to element 'Object Repository/Login/android.widget.EditText - Email (1)'

2022-11-05 13:08:20 - [MESSAGE][WARNING] - Timeout '0' is invalid. Using default page load timeout: '30'

2022-11-05 13:08:21 - [MESSAGE][PASSED] - Tapped on element 'Object Repository/Login/android.widget.EditText - Password'

2022-11-05 13:08:21 - [MESSAGE][WARNING] - Timeout '0' is invalid. Using default page load timeout: '30'

2022-11-05 13:08:22 - [MESSAGE][PASSED] - Text '..x.xz' has been set to element 'Object Repository/Login/android.widget.EditText - Password (1)'

2022-11-05 13:08:22 - [MESSAGE][WARNING] - Timeout '0' is invalid. Using default page load timeout: '30'

2022-11-05 13:08:23 - [MESSAGE][PASSED] - Tapped on element 'Object Repository/Login/android.widget.Button (1)'

2022-11-05 13:08:23 - [MESSAGE][PASSED] - Input zackmobile@gmail.com and ..x.xz

2022-11-05 13:08:23 - [TEST_STEP][PASSED] - User failed login: User failed login

2022-11-05 13:08:23 - [MESSAGE][WARNING] - Timeout '0' is invalid. Using default page load timeout: '30'

2022-11-05 13:08:23 - [MESSAGE][PASSED] - Element 'Object Repository/android.login.Button' is visible

2022-11-05 13:08:24 - [MESSAGE][PASSED] - Press back button successfully

2022-11-05 13:08:24 - [MESSAGE][PASSED] - Close app successfully

2022-11-05 13:08:24 - [MESSAGE][PASSED] - User failed login

2022-11-05 13:08:24 - [TEST_CASE][PASSED] - Start Test Case : SCENARIO Login with empty data: SCENARIO Login with empty data

2022-11-05 13:08:24 - [TEST_STEP][PASSED] - User navigate to homepage: User navigate to homepage

2022-11-05 13:08:24 - [MESSAGE][INFO] - Detected NodeJS location: "C:\Program Files\nodejs\node.exe"

2022-11-05 13:08:27 - [MESSAGE][INFO] - Appium server started on port 58,534

2022-11-05 13:09:03 - [MESSAGE][PASSED] - Starting app with application ID: 'com.example.frontend_mobile'

2022-11-05 13:09:03 - [MESSAGE][PASSED] - User navigate to homepage

2022-11-05 13:09:03 - [TEST_STEP][PASSED] - User tap on login button: User tap on login button

2022-11-05 13:09:03 - [MESSAGE][WARNING] - Timeout '0' is invalid. Using default page load timeout: '30'

2022-11-05 13:09:05 - [MESSAGE][PASSED] - Tapped on element 'Object Repository/android.login.Button'

2022-11-05 13:09:05 - [MESSAGE][PASSED] - User tap on login button

2022-11-05 13:09:05 - [TEST_STEP][PASSED] - Input zackmobile@gmail.com and : Input zackmobile@gmail.com and 

2022-11-05 13:09:05 - [MESSAGE][WARNING] - Timeout '0' is invalid. Using default page load timeout: '30'

2022-11-05 13:09:12 - [MESSAGE][PASSED] - Tapped on element 'Object Repository/Login/android.widget.EditText - Email'

2022-11-05 13:09:12 - [MESSAGE][WARNING] - Timeout '0' is invalid. Using default page load timeout: '30'

2022-11-05 13:09:13 - [MESSAGE][PASSED] - Text 'zackmobile@gmail.com' has been set to element 'Object Repository/Login/android.widget.EditText - Email (1)'

2022-11-05 13:09:13 - [MESSAGE][WARNING] - Timeout '0' is invalid. Using default page load timeout: '30'

2022-11-05 13:09:14 - [MESSAGE][PASSED] - Tapped on element 'Object Repository/Login/android.widget.EditText - Password'

2022-11-05 13:09:14 - [MESSAGE][WARNING] - Timeout '0' is invalid. Using default page load timeout: '30'

2022-11-05 13:09:15 - [MESSAGE][PASSED] - Text '' has been set to element 'Object Repository/Login/android.widget.EditText - Password (1)'

2022-11-05 13:09:15 - [MESSAGE][WARNING] - Timeout '0' is invalid. Using default page load timeout: '30'

2022-11-05 13:09:16 - [MESSAGE][PASSED] - Tapped on element 'Object Repository/Login/android.widget.Button (1)'

2022-11-05 13:09:16 - [MESSAGE][PASSED] - Input zackmobile@gmail.com and 

2022-11-05 13:09:16 - [TEST_STEP][PASSED] - User failed login: User failed login

2022-11-05 13:09:16 - [MESSAGE][WARNING] - Timeout '0' is invalid. Using default page load timeout: '30'

2022-11-05 13:09:16 - [MESSAGE][PASSED] - Element 'Object Repository/android.login.Button' is visible

2022-11-05 13:09:16 - [MESSAGE][PASSED] - Press back button successfully

2022-11-05 13:09:17 - [MESSAGE][PASSED] - Close app successfully

2022-11-05 13:09:17 - [MESSAGE][PASSED] - User failed login

2022-11-05 13:09:17 - [TEST_CASE][PASSED] - Start Test Case : SCENARIO Login with empty data: SCENARIO Login with empty data

2022-11-05 13:09:17 - [TEST_STEP][PASSED] - User navigate to homepage: User navigate to homepage

2022-11-05 13:09:17 - [MESSAGE][INFO] - Detected NodeJS location: "C:\Program Files\nodejs\node.exe"

2022-11-05 13:09:19 - [MESSAGE][INFO] - Appium server started on port 58,690

2022-11-05 13:09:57 - [MESSAGE][PASSED] - Starting app with application ID: 'com.example.frontend_mobile'

2022-11-05 13:09:57 - [MESSAGE][PASSED] - User navigate to homepage

2022-11-05 13:09:57 - [TEST_STEP][PASSED] - User tap on login button: User tap on login button

2022-11-05 13:09:57 - [MESSAGE][WARNING] - Timeout '0' is invalid. Using default page load timeout: '30'

2022-11-05 13:09:59 - [MESSAGE][PASSED] - Tapped on element 'Object Repository/android.login.Button'

2022-11-05 13:09:59 - [MESSAGE][PASSED] - User tap on login button

2022-11-05 13:09:59 - [TEST_STEP][PASSED] - Input  and zack123: Input  and zack123

2022-11-05 13:09:59 - [MESSAGE][WARNING] - Timeout '0' is invalid. Using default page load timeout: '30'

2022-11-05 13:10:08 - [MESSAGE][PASSED] - Tapped on element 'Object Repository/Login/android.widget.EditText - Email'

2022-11-05 13:10:08 - [MESSAGE][WARNING] - Timeout '0' is invalid. Using default page load timeout: '30'

2022-11-05 13:10:08 - [MESSAGE][PASSED] - Text '' has been set to element 'Object Repository/Login/android.widget.EditText - Email (1)'

2022-11-05 13:10:08 - [MESSAGE][WARNING] - Timeout '0' is invalid. Using default page load timeout: '30'

2022-11-05 13:10:08 - [MESSAGE][PASSED] - Tapped on element 'Object Repository/Login/android.widget.EditText - Password'

2022-11-05 13:10:09 - [MESSAGE][WARNING] - Timeout '0' is invalid. Using default page load timeout: '30'

2022-11-05 13:10:09 - [MESSAGE][PASSED] - Text 'zack123' has been set to element 'Object Repository/Login/android.widget.EditText - Password (1)'

2022-11-05 13:10:09 - [MESSAGE][WARNING] - Timeout '0' is invalid. Using default page load timeout: '30'

2022-11-05 13:10:11 - [MESSAGE][PASSED] - Tapped on element 'Object Repository/Login/android.widget.Button (1)'

2022-11-05 13:10:11 - [MESSAGE][PASSED] - Input  and zack123

2022-11-05 13:10:11 - [TEST_STEP][PASSED] - User failed login: User failed login

2022-11-05 13:10:11 - [MESSAGE][WARNING] - Timeout '0' is invalid. Using default page load timeout: '30'

2022-11-05 13:10:11 - [MESSAGE][PASSED] - Element 'Object Repository/android.login.Button' is visible

2022-11-05 13:10:12 - [MESSAGE][PASSED] - Press back button successfully

2022-11-05 13:10:12 - [MESSAGE][PASSED] - Close app successfully

2022-11-05 13:10:12 - [MESSAGE][PASSED] - User failed login

2022-11-05 13:10:12 - [MESSAGE][PASSED] - Feature file: 'Include/features/login.feature' was passed

2022-11-05 13:10:12 - [TEST_STEP][FAILED] - runFeatureFile("Include/features/logout.feature"): Keyword runFeatureFile was failed (Root cause: cucumber.runtime.CucumberException: Error while transforming.
	at cucumber.runtime.formatter.JUnitFormatter.finishReport(JUnitFormatter.java:153)
	at cucumber.runtime.formatter.JUnitFormatter.access$400(JUnitFormatter.java:42)
	at cucumber.runtime.formatter.JUnitFormatter$5.receive(JUnitFormatter.java:77)
	at cucumber.runtime.formatter.JUnitFormatter$5.receive(JUnitFormatter.java:74)
	at cucumber.runner.EventBus.send(EventBus.java:28)
	at cucumber.runtime.Runtime.run(Runtime.java:109)
	at cucumber.api.cli.Main.run(Main.java:35)
	at cucumber.api.cli.Main$run.call(Unknown Source)
	at com.kms.katalon.core.cucumber.keyword.CucumberBuiltinKeywords$_runFeatureFile_closure1.doCall(CucumberBuiltinKeywords.groovy:108)
	at com.kms.katalon.core.cucumber.keyword.CucumberBuiltinKeywords$_runFeatureFile_closure1.doCall(CucumberBuiltinKeywords.groovy)
	at com.kms.katalon.core.keyword.internal.KeywordMain.runKeyword(KeywordMain.groovy:74)
	at com.kms.katalon.core.keyword.internal.KeywordMain.runKeyword(KeywordMain.groovy:68)
	at com.kms.katalon.core.keyword.internal.KeywordMain$runKeyword.call(Unknown Source)
	at com.kms.katalon.core.cucumber.keyword.CucumberBuiltinKeywords.runFeatureFile(CucumberBuiltinKeywords.groovy:75)
	at com.kms.katalon.core.cucumber.keyword.CucumberBuiltinKeywords$runFeatureFile$0.callStatic(Unknown Source)
	at com.kms.katalon.core.cucumber.keyword.CucumberBuiltinKeywords.runFeatureFile(CucumberBuiltinKeywords.groovy:248)
	at com.kms.katalon.core.cucumber.keyword.CucumberBuiltinKeywords$runFeatureFile.call(Unknown Source)
	at Feature Test.run(Feature Test:24)
	at com.kms.katalon.core.main.ScriptEngine.run(ScriptEngine.java:194)
	at com.kms.katalon.core.main.ScriptEngine.runScriptAsRawText(ScriptEngine.java:119)
	at com.kms.katalon.core.main.TestCaseExecutor.runScript(TestCaseExecutor.java:445)
	at com.kms.katalon.core.main.TestCaseExecutor.doExecute(TestCaseExecutor.java:436)
	at com.kms.katalon.core.main.TestCaseExecutor.processExecutionPhase(TestCaseExecutor.java:415)
	at com.kms.katalon.core.main.TestCaseExecutor.accessMainPhase(TestCaseExecutor.java:407)
	at com.kms.katalon.core.main.TestCaseExecutor.execute(TestCaseExecutor.java:284)
	at com.kms.katalon.core.common.CommonExecutor.accessTestCaseMainPhase(CommonExecutor.java:65)
	at com.kms.katalon.core.main.TestSuiteExecutor.accessTestSuiteMainPhase(TestSuiteExecutor.java:144)
	at com.kms.katalon.core.main.TestSuiteExecutor.execute(TestSuiteExecutor.java:106)
	at com.kms.katalon.core.main.TestCaseMain.startTestSuite(TestCaseMain.java:185)
	at com.kms.katalon.core.main.TestCaseMain$startTestSuite$0.call(Unknown Source)
	at TempTestSuite1667628062132.run(TempTestSuite1667628062132.groovy:36)
Caused by: javax.xml.transform.TransformerException: org.xml.sax.SAXException: The handle is invalid
java.io.IOException: The handle is invalid
	at com.sun.org.apache.xalan.internal.xsltc.trax.TransformerImpl.transform(TransformerImpl.java:740)
	at com.sun.org.apache.xalan.internal.xsltc.trax.TransformerImpl.transform(TransformerImpl.java:343)
	at cucumber.runtime.formatter.JUnitFormatter.finishReport(JUnitFormatter.java:150)
	at cucumber.runtime.formatter.JUnitFormatter.access$400(JUnitFormatter.java:42)
	at cucumber.runtime.formatter.JUnitFormatter$5.receive(JUnitFormatter.java:77)
	at cucumber.runtime.formatter.JUnitFormatter$5.receive(JUnitFormatter.java:74)
	at cucumber.runner.EventBus.send(EventBus.java:28)
	at cucumber.runtime.Runtime.run(Runtime.java:109)
	at cucumber.api.cli.Main.run(Main.java:35)
	at cucumber.api.cli.Main$run.call(Unknown Source)
	at com.kms.katalon.core.cucumber.keyword.CucumberBuiltinKeywords$_runFeatureFile_closure1.doCall(CucumberBuiltinKeywords.groovy:108)
	at com.kms.katalon.core.cucumber.keyword.CucumberBuiltinKeywords$_runFeatureFile_closure1.doCall(CucumberBuiltinKeywords.groovy)
	at com.kms.katalon.core.keyword.internal.KeywordMain.runKeyword(KeywordMain.groovy:74)
	at com.kms.katalon.core.keyword.internal.KeywordMain.runKeyword(KeywordMain.groovy:68)
	at com.kms.katalon.core.keyword.internal.KeywordMain$runKeyword.call(Unknown Source)
	at com.kms.katalon.core.cucumber.keyword.CucumberBuiltinKeywords.runFeatureFile(CucumberBuiltinKeywords.groovy:75)
	at com.kms.katalon.core.cucumber.keyword.CucumberBuiltinKeywords$runFeatureFile$0.callStatic(Unknown Source)
	at com.kms.katalon.core.cucumber.keyword.CucumberBuiltinKeywords.runFeatureFile(CucumberBuiltinKeywords.groovy:248)
	at com.kms.katalon.core.cucumber.keyword.CucumberBuiltinKeywords$runFeatureFile.call(Unknown Source)
	at Script1667620101734.run(Script1667620101734.groovy:24)
	... 13 more
Caused by: org.xml.sax.SAXException: The handle is invalid
java.io.IOException: The handle is invalid
	at com.sun.org.apache.xml.internal.serializer.ToStream.closeStartTag(ToStream.java:2457)
	at com.sun.org.apache.xml.internal.serializer.ToStream.characters(ToStream.java:1366)
	at com.sun.org.apache.xml.internal.serializer.ToUnknownStream.characters(ToUnknownStream.java:814)
	at com.sun.org.apache.xml.internal.serializer.ToUnknownStream.characters(ToUnknownStream.java:348)
	at com.sun.org.apache.xalan.internal.xsltc.trax.DOM2TO.parse(DOM2TO.java:122)
	at com.sun.org.apache.xalan.internal.xsltc.trax.DOM2TO.parse(DOM2TO.java:230)
	at com.sun.org.apache.xalan.internal.xsltc.trax.DOM2TO.parse(DOM2TO.java:230)
	at com.sun.org.apache.xalan.internal.xsltc.trax.DOM2TO.parse(DOM2TO.java:230)
	at com.sun.org.apache.xalan.internal.xsltc.trax.DOM2TO.parse(DOM2TO.java:136)
	at com.sun.org.apache.xalan.internal.xsltc.trax.DOM2TO.parse(DOM2TO.java:98)
	at com.sun.org.apache.xalan.internal.xsltc.trax.TransformerImpl.transformIdentity(TransformerImpl.java:684)
	at com.sun.org.apache.xalan.internal.xsltc.trax.TransformerImpl.transform(TransformerImpl.java:728)
	... 32 more
Caused by: java.io.IOException: The handle is invalid
	at cucumber.runtime.io.URLOutputStream.write(URLOutputStream.java:60)
	at com.sun.org.apache.xml.internal.serializer.ToStream.writeAttrString(ToStream.java:1986)
	at com.sun.org.apache.xml.internal.serializer.ToStream.processAttributes(ToStream.java:1953)
	at com.sun.org.apache.xml.internal.serializer.ToStream.closeStartTag(ToStream.java:2449)
	... 43 more
)

2022-11-05 13:10:12 - [MESSAGE][INFO] - Starting run keyword runFeatureFile: 'Include/features/logout.feature' and extract report to folder: 'C:\Users\Athif\git\MiniProjectMobile\Reports\20221105_130102\Test Suite Mobile\20221105_130102/cucumber_report/1667628612638'...

2022-11-05 13:10:13 - [TEST_CASE][FAILED] - Start Test Case : SCENARIO Logout from logged in account: SCENARIO Logout from logged in account FAILED.
Reason:
com.kms.katalon.core.exception.StepFailedException: Failed to tap on element (Root cause: java.lang.IllegalArgumentException: Object is null
	at com.kms.katalon.core.helper.KeywordHelper.checkTestObjectParameter(KeywordHelper.java:33)
	at com.kms.katalon.core.mobile.keyword.builtin.TapKeyword$_tap_closure1.doCall(TapKeyword.groovy:74)
	at com.kms.katalon.core.mobile.keyword.builtin.TapKeyword$_tap_closure1.call(TapKeyword.groovy)
	at com.kms.katalon.core.mobile.keyword.internal.MobileKeywordMain.runKeyword(MobileKeywordMain.groovy:21)
	at com.kms.katalon.core.mobile.keyword.builtin.TapKeyword.tap(TapKeyword.groovy:84)
	at com.kms.katalon.core.mobile.keyword.builtin.TapKeyword.execute(TapKeyword.groovy:68)
	at com.kms.katalon.core.keyword.internal.KeywordExecutor.executeKeywordForPlatform(KeywordExecutor.groovy:74)
	at com.kms.katalon.core.mobile.keyword.MobileBuiltInKeywords.tap(MobileBuiltInKeywords.groovy:1490)
	at com.kms.katalon.core.mobile.keyword.MobileBuiltInKeywords$tap$0.call(Unknown Source)
	at logoutsteps.Usertaplogoutbuttononhomepage(logoutsteps.groovy:68)
	at cucumber.runtime.Utils$1.call(Utils.java:26)
	at cucumber.runtime.Timeout.timeout(Timeout.java:16)
	at cucumber.runtime.Utils.invoke(Utils.java:20)
	at cucumber.runtime.java.JavaStepDefinition.execute(JavaStepDefinition.java:48)
	at cucumber.runtime.PickleStepDefinitionMatch.runStep(PickleStepDefinitionMatch.java:50)
	at cucumber.runner.TestStep.executeStep(TestStep.java:68)
	at cucumber.runner.TestStep.run(TestStep.java:50)
	at cucumber.runner.PickleStepTestStep.run(PickleStepTestStep.java:53)
	at cucumber.runner.TestCase.run(TestCase.java:47)
	at cucumber.runner.Runner.runPickle(Runner.java:44)
	at cucumber.runtime.Runtime.runFeature(Runtime.java:120)
	at cucumber.runtime.Runtime.run(Runtime.java:106)
	at cucumber.api.cli.Main.run(Main.java:35)
	at cucumber.api.cli.Main$run.call(Unknown Source)
	at com.kms.katalon.core.cucumber.keyword.CucumberBuiltinKeywords$_runFeatureFile_closure1.doCall(CucumberBuiltinKeywords.groovy:108)
	at com.kms.katalon.core.cucumber.keyword.CucumberBuiltinKeywords$_runFeatureFile_closure1.doCall(CucumberBuiltinKeywords.groovy)
	at com.kms.katalon.core.keyword.internal.KeywordMain.runKeyword(KeywordMain.groovy:74)
	at com.kms.katalon.core.keyword.internal.KeywordMain.runKeyword(KeywordMain.groovy:68)
	at com.kms.katalon.core.keyword.internal.KeywordMain$runKeyword.call(Unknown Source)
	at com.kms.katalon.core.cucumber.keyword.CucumberBuiltinKeywords.runFeatureFile(CucumberBuiltinKeywords.groovy:75)
	at com.kms.katalon.core.cucumber.keyword.CucumberBuiltinKeywords$runFeatureFile$0.callStatic(Unknown Source)
	at com.kms.katalon.core.cucumber.keyword.CucumberBuiltinKeywords.runFeatureFile(CucumberBuiltinKeywords.groovy:248)
	at com.kms.katalon.core.cucumber.keyword.CucumberBuiltinKeywords$runFeatureFile.call(Unknown Source)
	at Feature Test.run(Feature Test:24)
	at com.kms.katalon.core.main.ScriptEngine.run(ScriptEngine.java:194)
	at com.kms.katalon.core.main.ScriptEngine.runScriptAsRawText(ScriptEngine.java:119)
	at com.kms.katalon.core.main.TestCaseExecutor.runScript(TestCaseExecutor.java:445)
	at com.kms.katalon.core.main.TestCaseExecutor.doExecute(TestCaseExecutor.java:436)
	at com.kms.katalon.core.main.TestCaseExecutor.processExecutionPhase(TestCaseExecutor.java:415)
	at com.kms.katalon.core.main.TestCaseExecutor.accessMainPhase(TestCaseExecutor.java:407)
	at com.kms.katalon.core.main.TestCaseExecutor.execute(TestCaseExecutor.java:284)
	at com.kms.katalon.core.common.CommonExecutor.accessTestCaseMainPhase(CommonExecutor.java:65)
	at com.kms.katalon.core.main.TestSuiteExecutor.accessTestSuiteMainPhase(TestSuiteExecutor.java:144)
	at com.kms.katalon.core.main.TestSuiteExecutor.execute(TestSuiteExecutor.java:106)
	at com.kms.katalon.core.main.TestCaseMain.startTestSuite(TestCaseMain.java:185)
	at com.kms.katalon.core.main.TestCaseMain$startTestSuite$0.call(Unknown Source)
	at TempTestSuite1667628062132.run(TempTestSuite1667628062132.groovy:36)
)
	at com.kms.katalon.core.keyword.internal.KeywordMain.stepFailed(KeywordMain.groovy:50)
	at com.kms.katalon.core.mobile.keyword.internal.MobileKeywordMain.stepFailed(MobileKeywordMain.groovy:40)
	at com.kms.katalon.core.mobile.keyword.internal.MobileKeywordMain.runKeyword(MobileKeywordMain.groovy:23)
	at com.kms.katalon.core.mobile.keyword.builtin.TapKeyword.tap(TapKeyword.groovy:84)
	at com.kms.katalon.core.mobile.keyword.builtin.TapKeyword.execute(TapKeyword.groovy:68)
	at com.kms.katalon.core.keyword.internal.KeywordExecutor.executeKeywordForPlatform(KeywordExecutor.groovy:74)
	at com.kms.katalon.core.mobile.keyword.MobileBuiltInKeywords.tap(MobileBuiltInKeywords.groovy:1490)
	at com.kms.katalon.core.mobile.keyword.MobileBuiltInKeywords$tap$0.call(Unknown Source)
	at logoutsteps.Usertaplogoutbuttononhomepage(logoutsteps.groovy:68)
	at .User tap logout button on homepage(C:/Users/Athif/git/MiniProjectMobile/Include/features/logout.feature:9)
Caused by: java.lang.IllegalArgumentException: Object is null
	at com.kms.katalon.core.helper.KeywordHelper.checkTestObjectParameter(KeywordHelper.java:33)
	at com.kms.katalon.core.mobile.keyword.builtin.TapKeyword$_tap_closure1.doCall(TapKeyword.groovy:74)
	at com.kms.katalon.core.mobile.keyword.builtin.TapKeyword$_tap_closure1.call(TapKeyword.groovy)
	at com.kms.katalon.core.mobile.keyword.internal.MobileKeywordMain.runKeyword(MobileKeywordMain.groovy:21)
	at com.kms.katalon.core.mobile.keyword.builtin.TapKeyword.tap(TapKeyword.groovy:84)
	at com.kms.katalon.core.mobile.keyword.builtin.TapKeyword.execute(TapKeyword.groovy:68)
	at com.kms.katalon.core.keyword.internal.KeywordExecutor.executeKeywordForPlatform(KeywordExecutor.groovy:74)
	at com.kms.katalon.core.mobile.keyword.MobileBuiltInKeywords.tap(MobileBuiltInKeywords.groovy:1490)
	at com.kms.katalon.core.mobile.keyword.MobileBuiltInKeywords$tap$0.call(Unknown Source)
	at logoutsteps.Usertaplogoutbuttononhomepage(logoutsteps.groovy:68)
	at cucumber.runtime.Utils$1.call(Utils.java:26)
	at cucumber.runtime.Timeout.timeout(Timeout.java:16)
	at cucumber.runtime.Utils.invoke(Utils.java:20)
	at cucumber.runtime.java.JavaStepDefinition.execute(JavaStepDefinition.java:48)
	at cucumber.runtime.PickleStepDefinitionMatch.runStep(PickleStepDefinitionMatch.java:50)
	at cucumber.runner.TestStep.executeStep(TestStep.java:68)
	at cucumber.runner.TestStep.run(TestStep.java:50)
	at cucumber.runner.PickleStepTestStep.run(PickleStepTestStep.java:53)
	at cucumber.runner.TestCase.run(TestCase.java:47)
	at cucumber.runner.Runner.runPickle(Runner.java:44)
	at cucumber.runtime.Runtime.runFeature(Runtime.java:120)
	at cucumber.runtime.Runtime.run(Runtime.java:106)
	at cucumber.api.cli.Main.run(Main.java:35)
	at cucumber.api.cli.Main$run.call(Unknown Source)
	at com.kms.katalon.core.cucumber.keyword.CucumberBuiltinKeywords$_runFeatureFile_closure1.doCall(CucumberBuiltinKeywords.groovy:108)
	at com.kms.katalon.core.cucumber.keyword.CucumberBuiltinKeywords$_runFeatureFile_closure1.doCall(CucumberBuiltinKeywords.groovy)
	at com.kms.katalon.core.keyword.internal.KeywordMain.runKeyword(KeywordMain.groovy:74)
	at com.kms.katalon.core.keyword.internal.KeywordMain.runKeyword(KeywordMain.groovy:68)
	at com.kms.katalon.core.keyword.internal.KeywordMain$runKeyword.call(Unknown Source)
	at com.kms.katalon.core.cucumber.keyword.CucumberBuiltinKeywords.runFeatureFile(CucumberBuiltinKeywords.groovy:75)
	at com.kms.katalon.core.cucumber.keyword.CucumberBuiltinKeywords$runFeatureFile$0.callStatic(Unknown Source)
	at com.kms.katalon.core.cucumber.keyword.CucumberBuiltinKeywords.runFeatureFile(CucumberBuiltinKeywords.groovy:248)
	at com.kms.katalon.core.cucumber.keyword.CucumberBuiltinKeywords$runFeatureFile.call(Unknown Source)
	at Feature Test.run(Feature Test:24)
	at com.kms.katalon.core.main.ScriptEngine.run(ScriptEngine.java:194)
	at com.kms.katalon.core.main.ScriptEngine.runScriptAsRawText(ScriptEngine.java:119)
	at com.kms.katalon.core.main.TestCaseExecutor.runScript(TestCaseExecutor.java:445)
	at com.kms.katalon.core.main.TestCaseExecutor.doExecute(TestCaseExecutor.java:436)
	at com.kms.katalon.core.main.TestCaseExecutor.processExecutionPhase(TestCaseExecutor.java:415)
	at com.kms.katalon.core.main.TestCaseExecutor.accessMainPhase(TestCaseExecutor.java:407)
	at com.kms.katalon.core.main.TestCaseExecutor.execute(TestCaseExecutor.java:284)
	at com.kms.katalon.core.common.CommonExecutor.accessTestCaseMainPhase(CommonExecutor.java:65)
	at com.kms.katalon.core.main.TestSuiteExecutor.accessTestSuiteMainPhase(TestSuiteExecutor.java:144)
	at com.kms.katalon.core.main.TestSuiteExecutor.execute(TestSuiteExecutor.java:106)
	at com.kms.katalon.core.main.TestCaseMain.startTestSuite(TestCaseMain.java:185)
	at com.kms.katalon.core.main.TestCaseMain$startTestSuite$0.call(Unknown Source)
	at TempTestSuite1667628062132.run(TempTestSuite1667628062132.groovy:36)


2022-11-05 13:10:13 - [TEST_STEP][PASSED] - User navigate to homepage: User navigate to homepage

2022-11-05 13:10:13 - [MESSAGE][INFO] - Detected NodeJS location: "C:\Program Files\nodejs\node.exe"

2022-11-05 13:10:15 - [MESSAGE][INFO] - Appium server started on port 58,848

2022-11-05 13:10:51 - [MESSAGE][PASSED] - Starting app with application ID: 'com.example.frontend_mobile'

2022-11-05 13:10:51 - [MESSAGE][PASSED] - User navigate to homepage

2022-11-05 13:10:51 - [TEST_STEP][PASSED] - User already logged in with account: User already logged in with account

2022-11-05 13:10:51 - [MESSAGE][WARNING] - Timeout '0' is invalid. Using default page load timeout: '30'

2022-11-05 13:10:53 - [MESSAGE][PASSED] - Tapped on element 'Object Repository/android.login.Button'

2022-11-05 13:10:53 - [MESSAGE][WARNING] - Timeout '0' is invalid. Using default page load timeout: '30'

2022-11-05 13:10:56 - [MESSAGE][PASSED] - Tapped on element 'Object Repository/Logout/android.widget.EditText - Email'

2022-11-05 13:10:56 - [MESSAGE][WARNING] - Timeout '0' is invalid. Using default page load timeout: '30'

2022-11-05 13:10:57 - [MESSAGE][PASSED] - Text 'zack@gmail.com' has been set to element 'Object Repository/Logout/android.widget.EditText - Email (1)'

2022-11-05 13:10:57 - [MESSAGE][WARNING] - Timeout '0' is invalid. Using default page load timeout: '30'

2022-11-05 13:10:58 - [MESSAGE][PASSED] - Tapped on element 'Object Repository/Logout/android.widget.EditText - Password'

2022-11-05 13:10:58 - [MESSAGE][WARNING] - Timeout '0' is invalid. Using default page load timeout: '30'

2022-11-05 13:10:59 - [MESSAGE][PASSED] - Text 'zack123' has been set to element 'Object Repository/Logout/android.widget.EditText - Password (1)'

2022-11-05 13:10:59 - [MESSAGE][WARNING] - Timeout '0' is invalid. Using default page load timeout: '30'

2022-11-05 13:11:00 - [MESSAGE][PASSED] - Tapped on element 'Object Repository/Logout/android.widget.Button (1)'

2022-11-05 13:11:00 - [MESSAGE][PASSED] - User already logged in with account

2022-11-05 13:11:00 - [TEST_STEP][FAILED] - User tap logout button on homepage: User tap logout button on homepage FAILED.
Reason:
com.kms.katalon.core.exception.StepFailedException: Failed to tap on element (Root cause: java.lang.IllegalArgumentException: Object is null
	at com.kms.katalon.core.helper.KeywordHelper.checkTestObjectParameter(KeywordHelper.java:33)
	at com.kms.katalon.core.mobile.keyword.builtin.TapKeyword$_tap_closure1.doCall(TapKeyword.groovy:74)
	at com.kms.katalon.core.mobile.keyword.builtin.TapKeyword$_tap_closure1.call(TapKeyword.groovy)
	at com.kms.katalon.core.mobile.keyword.internal.MobileKeywordMain.runKeyword(MobileKeywordMain.groovy:21)
	at com.kms.katalon.core.mobile.keyword.builtin.TapKeyword.tap(TapKeyword.groovy:84)
	at com.kms.katalon.core.mobile.keyword.builtin.TapKeyword.execute(TapKeyword.groovy:68)
	at com.kms.katalon.core.keyword.internal.KeywordExecutor.executeKeywordForPlatform(KeywordExecutor.groovy:74)
	at com.kms.katalon.core.mobile.keyword.MobileBuiltInKeywords.tap(MobileBuiltInKeywords.groovy:1490)
	at com.kms.katalon.core.mobile.keyword.MobileBuiltInKeywords$tap$0.call(Unknown Source)
	at logoutsteps.Usertaplogoutbuttononhomepage(logoutsteps.groovy:68)
	at cucumber.runtime.Utils$1.call(Utils.java:26)
	at cucumber.runtime.Timeout.timeout(Timeout.java:16)
	at cucumber.runtime.Utils.invoke(Utils.java:20)
	at cucumber.runtime.java.JavaStepDefinition.execute(JavaStepDefinition.java:48)
	at cucumber.runtime.PickleStepDefinitionMatch.runStep(PickleStepDefinitionMatch.java:50)
	at cucumber.runner.TestStep.executeStep(TestStep.java:68)
	at cucumber.runner.TestStep.run(TestStep.java:50)
	at cucumber.runner.PickleStepTestStep.run(PickleStepTestStep.java:53)
	at cucumber.runner.TestCase.run(TestCase.java:47)
	at cucumber.runner.Runner.runPickle(Runner.java:44)
	at cucumber.runtime.Runtime.runFeature(Runtime.java:120)
	at cucumber.runtime.Runtime.run(Runtime.java:106)
	at cucumber.api.cli.Main.run(Main.java:35)
	at cucumber.api.cli.Main$run.call(Unknown Source)
	at com.kms.katalon.core.cucumber.keyword.CucumberBuiltinKeywords$_runFeatureFile_closure1.doCall(CucumberBuiltinKeywords.groovy:108)
	at com.kms.katalon.core.cucumber.keyword.CucumberBuiltinKeywords$_runFeatureFile_closure1.doCall(CucumberBuiltinKeywords.groovy)
	at com.kms.katalon.core.keyword.internal.KeywordMain.runKeyword(KeywordMain.groovy:74)
	at com.kms.katalon.core.keyword.internal.KeywordMain.runKeyword(KeywordMain.groovy:68)
	at com.kms.katalon.core.keyword.internal.KeywordMain$runKeyword.call(Unknown Source)
	at com.kms.katalon.core.cucumber.keyword.CucumberBuiltinKeywords.runFeatureFile(CucumberBuiltinKeywords.groovy:75)
	at com.kms.katalon.core.cucumber.keyword.CucumberBuiltinKeywords$runFeatureFile$0.callStatic(Unknown Source)
	at com.kms.katalon.core.cucumber.keyword.CucumberBuiltinKeywords.runFeatureFile(CucumberBuiltinKeywords.groovy:248)
	at com.kms.katalon.core.cucumber.keyword.CucumberBuiltinKeywords$runFeatureFile.call(Unknown Source)
	at Feature Test.run(Feature Test:24)
	at com.kms.katalon.core.main.ScriptEngine.run(ScriptEngine.java:194)
	at com.kms.katalon.core.main.ScriptEngine.runScriptAsRawText(ScriptEngine.java:119)
	at com.kms.katalon.core.main.TestCaseExecutor.runScript(TestCaseExecutor.java:445)
	at com.kms.katalon.core.main.TestCaseExecutor.doExecute(TestCaseExecutor.java:436)
	at com.kms.katalon.core.main.TestCaseExecutor.processExecutionPhase(TestCaseExecutor.java:415)
	at com.kms.katalon.core.main.TestCaseExecutor.accessMainPhase(TestCaseExecutor.java:407)
	at com.kms.katalon.core.main.TestCaseExecutor.execute(TestCaseExecutor.java:284)
	at com.kms.katalon.core.common.CommonExecutor.accessTestCaseMainPhase(CommonExecutor.java:65)
	at com.kms.katalon.core.main.TestSuiteExecutor.accessTestSuiteMainPhase(TestSuiteExecutor.java:144)
	at com.kms.katalon.core.main.TestSuiteExecutor.execute(TestSuiteExecutor.java:106)
	at com.kms.katalon.core.main.TestCaseMain.startTestSuite(TestCaseMain.java:185)
	at com.kms.katalon.core.main.TestCaseMain$startTestSuite$0.call(Unknown Source)
	at TempTestSuite1667628062132.run(TempTestSuite1667628062132.groovy:36)
)
	at com.kms.katalon.core.keyword.internal.KeywordMain.stepFailed(KeywordMain.groovy:50)
	at com.kms.katalon.core.mobile.keyword.internal.MobileKeywordMain.stepFailed(MobileKeywordMain.groovy:40)
	at com.kms.katalon.core.mobile.keyword.internal.MobileKeywordMain.runKeyword(MobileKeywordMain.groovy:23)
	at com.kms.katalon.core.mobile.keyword.builtin.TapKeyword.tap(TapKeyword.groovy:84)
	at com.kms.katalon.core.mobile.keyword.builtin.TapKeyword.execute(TapKeyword.groovy:68)
	at com.kms.katalon.core.keyword.internal.KeywordExecutor.executeKeywordForPlatform(KeywordExecutor.groovy:74)
	at com.kms.katalon.core.mobile.keyword.MobileBuiltInKeywords.tap(MobileBuiltInKeywords.groovy:1490)
	at com.kms.katalon.core.mobile.keyword.MobileBuiltInKeywords$tap$0.call(Unknown Source)
	at logoutsteps.Usertaplogoutbuttononhomepage(logoutsteps.groovy:68)
	at .User tap logout button on homepage(C:/Users/Athif/git/MiniProjectMobile/Include/features/logout.feature:9)
Caused by: java.lang.IllegalArgumentException: Object is null
	at com.kms.katalon.core.helper.KeywordHelper.checkTestObjectParameter(KeywordHelper.java:33)
	at com.kms.katalon.core.mobile.keyword.builtin.TapKeyword$_tap_closure1.doCall(TapKeyword.groovy:74)
	at com.kms.katalon.core.mobile.keyword.builtin.TapKeyword$_tap_closure1.call(TapKeyword.groovy)
	at com.kms.katalon.core.mobile.keyword.internal.MobileKeywordMain.runKeyword(MobileKeywordMain.groovy:21)
	at com.kms.katalon.core.mobile.keyword.builtin.TapKeyword.tap(TapKeyword.groovy:84)
	at com.kms.katalon.core.mobile.keyword.builtin.TapKeyword.execute(TapKeyword.groovy:68)
	at com.kms.katalon.core.keyword.internal.KeywordExecutor.executeKeywordForPlatform(KeywordExecutor.groovy:74)
	at com.kms.katalon.core.mobile.keyword.MobileBuiltInKeywords.tap(MobileBuiltInKeywords.groovy:1490)
	at com.kms.katalon.core.mobile.keyword.MobileBuiltInKeywords$tap$0.call(Unknown Source)
	at logoutsteps.Usertaplogoutbuttononhomepage(logoutsteps.groovy:68)
	at cucumber.runtime.Utils$1.call(Utils.java:26)
	at cucumber.runtime.Timeout.timeout(Timeout.java:16)
	at cucumber.runtime.Utils.invoke(Utils.java:20)
	at cucumber.runtime.java.JavaStepDefinition.execute(JavaStepDefinition.java:48)
	at cucumber.runtime.PickleStepDefinitionMatch.runStep(PickleStepDefinitionMatch.java:50)
	at cucumber.runner.TestStep.executeStep(TestStep.java:68)
	at cucumber.runner.TestStep.run(TestStep.java:50)
	at cucumber.runner.PickleStepTestStep.run(PickleStepTestStep.java:53)
	at cucumber.runner.TestCase.run(TestCase.java:47)
	at cucumber.runner.Runner.runPickle(Runner.java:44)
	at cucumber.runtime.Runtime.runFeature(Runtime.java:120)
	at cucumber.runtime.Runtime.run(Runtime.java:106)
	at cucumber.api.cli.Main.run(Main.java:35)
	at cucumber.api.cli.Main$run.call(Unknown Source)
	at com.kms.katalon.core.cucumber.keyword.CucumberBuiltinKeywords$_runFeatureFile_closure1.doCall(CucumberBuiltinKeywords.groovy:108)
	at com.kms.katalon.core.cucumber.keyword.CucumberBuiltinKeywords$_runFeatureFile_closure1.doCall(CucumberBuiltinKeywords.groovy)
	at com.kms.katalon.core.keyword.internal.KeywordMain.runKeyword(KeywordMain.groovy:74)
	at com.kms.katalon.core.keyword.internal.KeywordMain.runKeyword(KeywordMain.groovy:68)
	at com.kms.katalon.core.keyword.internal.KeywordMain$runKeyword.call(Unknown Source)
	at com.kms.katalon.core.cucumber.keyword.CucumberBuiltinKeywords.runFeatureFile(CucumberBuiltinKeywords.groovy:75)
	at com.kms.katalon.core.cucumber.keyword.CucumberBuiltinKeywords$runFeatureFile$0.callStatic(Unknown Source)
	at com.kms.katalon.core.cucumber.keyword.CucumberBuiltinKeywords.runFeatureFile(CucumberBuiltinKeywords.groovy:248)
	at com.kms.katalon.core.cucumber.keyword.CucumberBuiltinKeywords$runFeatureFile.call(Unknown Source)
	at Feature Test.run(Feature Test:24)
	at com.kms.katalon.core.main.ScriptEngine.run(ScriptEngine.java:194)
	at com.kms.katalon.core.main.ScriptEngine.runScriptAsRawText(ScriptEngine.java:119)
	at com.kms.katalon.core.main.TestCaseExecutor.runScript(TestCaseExecutor.java:445)
	at com.kms.katalon.core.main.TestCaseExecutor.doExecute(TestCaseExecutor.java:436)
	at com.kms.katalon.core.main.TestCaseExecutor.processExecutionPhase(TestCaseExecutor.java:415)
	at com.kms.katalon.core.main.TestCaseExecutor.accessMainPhase(TestCaseExecutor.java:407)
	at com.kms.katalon.core.main.TestCaseExecutor.execute(TestCaseExecutor.java:284)
	at com.kms.katalon.core.common.CommonExecutor.accessTestCaseMainPhase(CommonExecutor.java:65)
	at com.kms.katalon.core.main.TestSuiteExecutor.accessTestSuiteMainPhase(TestSuiteExecutor.java:144)
	at com.kms.katalon.core.main.TestSuiteExecutor.execute(TestSuiteExecutor.java:106)
	at com.kms.katalon.core.main.TestCaseMain.startTestSuite(TestCaseMain.java:185)
	at com.kms.katalon.core.main.TestCaseMain$startTestSuite$0.call(Unknown Source)
	at TempTestSuite1667628062132.run(TempTestSuite1667628062132.groovy:36)


2022-11-05 13:11:00 - [MESSAGE][WARNING] - Timeout '0' is invalid. Using default page load timeout: '30'

2022-11-05 13:11:02 - [MESSAGE][PASSED] - Element 'Object Repository/Logout/android.view.View' is visible

2022-11-05 13:11:02 - [MESSAGE][WARNING] - Test object with id 'Object Repository/' does not exist

2022-11-05 13:11:02 - [MESSAGE][WARNING] - Test object with id 'Object Repository/' does not exist

2022-11-05 13:11:03 - [MESSAGE][FAILED] - Failed to tap on element (Root cause: java.lang.IllegalArgumentException: Object is null
	at com.kms.katalon.core.helper.KeywordHelper.checkTestObjectParameter(KeywordHelper.java:33)
	at com.kms.katalon.core.mobile.keyword.builtin.TapKeyword$_tap_closure1.doCall(TapKeyword.groovy:74)
	at com.kms.katalon.core.mobile.keyword.builtin.TapKeyword$_tap_closure1.call(TapKeyword.groovy)
	at com.kms.katalon.core.mobile.keyword.internal.MobileKeywordMain.runKeyword(MobileKeywordMain.groovy:21)
	at com.kms.katalon.core.mobile.keyword.builtin.TapKeyword.tap(TapKeyword.groovy:84)
	at com.kms.katalon.core.mobile.keyword.builtin.TapKeyword.execute(TapKeyword.groovy:68)
	at com.kms.katalon.core.keyword.internal.KeywordExecutor.executeKeywordForPlatform(KeywordExecutor.groovy:74)
	at com.kms.katalon.core.mobile.keyword.MobileBuiltInKeywords.tap(MobileBuiltInKeywords.groovy:1490)
	at com.kms.katalon.core.mobile.keyword.MobileBuiltInKeywords$tap$0.call(Unknown Source)
	at logoutsteps.Usertaplogoutbuttononhomepage(logoutsteps.groovy:68)
	at cucumber.runtime.Utils$1.call(Utils.java:26)
	at cucumber.runtime.Timeout.timeout(Timeout.java:16)
	at cucumber.runtime.Utils.invoke(Utils.java:20)
	at cucumber.runtime.java.JavaStepDefinition.execute(JavaStepDefinition.java:48)
	at cucumber.runtime.PickleStepDefinitionMatch.runStep(PickleStepDefinitionMatch.java:50)
	at cucumber.runner.TestStep.executeStep(TestStep.java:68)
	at cucumber.runner.TestStep.run(TestStep.java:50)
	at cucumber.runner.PickleStepTestStep.run(PickleStepTestStep.java:53)
	at cucumber.runner.TestCase.run(TestCase.java:47)
	at cucumber.runner.Runner.runPickle(Runner.java:44)
	at cucumber.runtime.Runtime.runFeature(Runtime.java:120)
	at cucumber.runtime.Runtime.run(Runtime.java:106)
	at cucumber.api.cli.Main.run(Main.java:35)
	at cucumber.api.cli.Main$run.call(Unknown Source)
	at com.kms.katalon.core.cucumber.keyword.CucumberBuiltinKeywords$_runFeatureFile_closure1.doCall(CucumberBuiltinKeywords.groovy:108)
	at com.kms.katalon.core.cucumber.keyword.CucumberBuiltinKeywords$_runFeatureFile_closure1.doCall(CucumberBuiltinKeywords.groovy)
	at com.kms.katalon.core.keyword.internal.KeywordMain.runKeyword(KeywordMain.groovy:74)
	at com.kms.katalon.core.keyword.internal.KeywordMain.runKeyword(KeywordMain.groovy:68)
	at com.kms.katalon.core.keyword.internal.KeywordMain$runKeyword.call(Unknown Source)
	at com.kms.katalon.core.cucumber.keyword.CucumberBuiltinKeywords.runFeatureFile(CucumberBuiltinKeywords.groovy:75)
	at com.kms.katalon.core.cucumber.keyword.CucumberBuiltinKeywords$runFeatureFile$0.callStatic(Unknown Source)
	at com.kms.katalon.core.cucumber.keyword.CucumberBuiltinKeywords.runFeatureFile(CucumberBuiltinKeywords.groovy:248)
	at com.kms.katalon.core.cucumber.keyword.CucumberBuiltinKeywords$runFeatureFile.call(Unknown Source)
	at Feature Test.run(Feature Test:24)
	at com.kms.katalon.core.main.ScriptEngine.run(ScriptEngine.java:194)
	at com.kms.katalon.core.main.ScriptEngine.runScriptAsRawText(ScriptEngine.java:119)
	at com.kms.katalon.core.main.TestCaseExecutor.runScript(TestCaseExecutor.java:445)
	at com.kms.katalon.core.main.TestCaseExecutor.doExecute(TestCaseExecutor.java:436)
	at com.kms.katalon.core.main.TestCaseExecutor.processExecutionPhase(TestCaseExecutor.java:415)
	at com.kms.katalon.core.main.TestCaseExecutor.accessMainPhase(TestCaseExecutor.java:407)
	at com.kms.katalon.core.main.TestCaseExecutor.execute(TestCaseExecutor.java:284)
	at com.kms.katalon.core.common.CommonExecutor.accessTestCaseMainPhase(CommonExecutor.java:65)
	at com.kms.katalon.core.main.TestSuiteExecutor.accessTestSuiteMainPhase(TestSuiteExecutor.java:144)
	at com.kms.katalon.core.main.TestSuiteExecutor.execute(TestSuiteExecutor.java:106)
	at com.kms.katalon.core.main.TestCaseMain.startTestSuite(TestCaseMain.java:185)
	at com.kms.katalon.core.main.TestCaseMain$startTestSuite$0.call(Unknown Source)
	at TempTestSuite1667628062132.run(TempTestSuite1667628062132.groovy:36)
)
[[ATTACHMENT|C:\\Users\\Athif\\git\\MiniProjectMobile\\Reports\\20221105_130102\\Test Suite Mobile\\20221105_130102\\1667628662422.png]]

2022-11-05 13:11:03 - [MESSAGE][FAILED] - User tap logout button on homepage FAILED.
Reason:
com.kms.katalon.core.exception.StepFailedException: Failed to tap on element (Root cause: java.lang.IllegalArgumentException: Object is null
	at com.kms.katalon.core.helper.KeywordHelper.checkTestObjectParameter(KeywordHelper.java:33)
	at com.kms.katalon.core.mobile.keyword.builtin.TapKeyword$_tap_closure1.doCall(TapKeyword.groovy:74)
	at com.kms.katalon.core.mobile.keyword.builtin.TapKeyword$_tap_closure1.call(TapKeyword.groovy)
	at com.kms.katalon.core.mobile.keyword.internal.MobileKeywordMain.runKeyword(MobileKeywordMain.groovy:21)
	at com.kms.katalon.core.mobile.keyword.builtin.TapKeyword.tap(TapKeyword.groovy:84)
	at com.kms.katalon.core.mobile.keyword.builtin.TapKeyword.execute(TapKeyword.groovy:68)
	at com.kms.katalon.core.keyword.internal.KeywordExecutor.executeKeywordForPlatform(KeywordExecutor.groovy:74)
	at com.kms.katalon.core.mobile.keyword.MobileBuiltInKeywords.tap(MobileBuiltInKeywords.groovy:1490)
	at com.kms.katalon.core.mobile.keyword.MobileBuiltInKeywords$tap$0.call(Unknown Source)
	at logoutsteps.Usertaplogoutbuttononhomepage(logoutsteps.groovy:68)
	at cucumber.runtime.Utils$1.call(Utils.java:26)
	at cucumber.runtime.Timeout.timeout(Timeout.java:16)
	at cucumber.runtime.Utils.invoke(Utils.java:20)
	at cucumber.runtime.java.JavaStepDefinition.execute(JavaStepDefinition.java:48)
	at cucumber.runtime.PickleStepDefinitionMatch.runStep(PickleStepDefinitionMatch.java:50)
	at cucumber.runner.TestStep.executeStep(TestStep.java:68)
	at cucumber.runner.TestStep.run(TestStep.java:50)
	at cucumber.runner.PickleStepTestStep.run(PickleStepTestStep.java:53)
	at cucumber.runner.TestCase.run(TestCase.java:47)
	at cucumber.runner.Runner.runPickle(Runner.java:44)
	at cucumber.runtime.Runtime.runFeature(Runtime.java:120)
	at cucumber.runtime.Runtime.run(Runtime.java:106)
	at cucumber.api.cli.Main.run(Main.java:35)
	at cucumber.api.cli.Main$run.call(Unknown Source)
	at com.kms.katalon.core.cucumber.keyword.CucumberBuiltinKeywords$_runFeatureFile_closure1.doCall(CucumberBuiltinKeywords.groovy:108)
	at com.kms.katalon.core.cucumber.keyword.CucumberBuiltinKeywords$_runFeatureFile_closure1.doCall(CucumberBuiltinKeywords.groovy)
	at com.kms.katalon.core.keyword.internal.KeywordMain.runKeyword(KeywordMain.groovy:74)
	at com.kms.katalon.core.keyword.internal.KeywordMain.runKeyword(KeywordMain.groovy:68)
	at com.kms.katalon.core.keyword.internal.KeywordMain$runKeyword.call(Unknown Source)
	at com.kms.katalon.core.cucumber.keyword.CucumberBuiltinKeywords.runFeatureFile(CucumberBuiltinKeywords.groovy:75)
	at com.kms.katalon.core.cucumber.keyword.CucumberBuiltinKeywords$runFeatureFile$0.callStatic(Unknown Source)
	at com.kms.katalon.core.cucumber.keyword.CucumberBuiltinKeywords.runFeatureFile(CucumberBuiltinKeywords.groovy:248)
	at com.kms.katalon.core.cucumber.keyword.CucumberBuiltinKeywords$runFeatureFile.call(Unknown Source)
	at Feature Test.run(Feature Test:24)
	at com.kms.katalon.core.main.ScriptEngine.run(ScriptEngine.java:194)
	at com.kms.katalon.core.main.ScriptEngine.runScriptAsRawText(ScriptEngine.java:119)
	at com.kms.katalon.core.main.TestCaseExecutor.runScript(TestCaseExecutor.java:445)
	at com.kms.katalon.core.main.TestCaseExecutor.doExecute(TestCaseExecutor.java:436)
	at com.kms.katalon.core.main.TestCaseExecutor.processExecutionPhase(TestCaseExecutor.java:415)
	at com.kms.katalon.core.main.TestCaseExecutor.accessMainPhase(TestCaseExecutor.java:407)
	at com.kms.katalon.core.main.TestCaseExecutor.execute(TestCaseExecutor.java:284)
	at com.kms.katalon.core.common.CommonExecutor.accessTestCaseMainPhase(CommonExecutor.java:65)
	at com.kms.katalon.core.main.TestSuiteExecutor.accessTestSuiteMainPhase(TestSuiteExecutor.java:144)
	at com.kms.katalon.core.main.TestSuiteExecutor.execute(TestSuiteExecutor.java:106)
	at com.kms.katalon.core.main.TestCaseMain.startTestSuite(TestCaseMain.java:185)
	at com.kms.katalon.core.main.TestCaseMain$startTestSuite$0.call(Unknown Source)
	at TempTestSuite1667628062132.run(TempTestSuite1667628062132.groovy:36)
)
	at com.kms.katalon.core.keyword.internal.KeywordMain.stepFailed(KeywordMain.groovy:50)
	at com.kms.katalon.core.mobile.keyword.internal.MobileKeywordMain.stepFailed(MobileKeywordMain.groovy:40)
	at com.kms.katalon.core.mobile.keyword.internal.MobileKeywordMain.runKeyword(MobileKeywordMain.groovy:23)
	at com.kms.katalon.core.mobile.keyword.builtin.TapKeyword.tap(TapKeyword.groovy:84)
	at com.kms.katalon.core.mobile.keyword.builtin.TapKeyword.execute(TapKeyword.groovy:68)
	at com.kms.katalon.core.keyword.internal.KeywordExecutor.executeKeywordForPlatform(KeywordExecutor.groovy:74)
	at com.kms.katalon.core.mobile.keyword.MobileBuiltInKeywords.tap(MobileBuiltInKeywords.groovy:1490)
	at com.kms.katalon.core.mobile.keyword.MobileBuiltInKeywords$tap$0.call(Unknown Source)
	at logoutsteps.Usertaplogoutbuttononhomepage(logoutsteps.groovy:68)
	at .User tap logout button on homepage(C:/Users/Athif/git/MiniProjectMobile/Include/features/logout.feature:9)
Caused by: java.lang.IllegalArgumentException: Object is null
	at com.kms.katalon.core.helper.KeywordHelper.checkTestObjectParameter(KeywordHelper.java:33)
	at com.kms.katalon.core.mobile.keyword.builtin.TapKeyword$_tap_closure1.doCall(TapKeyword.groovy:74)
	at com.kms.katalon.core.mobile.keyword.builtin.TapKeyword$_tap_closure1.call(TapKeyword.groovy)
	at com.kms.katalon.core.mobile.keyword.internal.MobileKeywordMain.runKeyword(MobileKeywordMain.groovy:21)
	at com.kms.katalon.core.mobile.keyword.builtin.TapKeyword.tap(TapKeyword.groovy:84)
	at com.kms.katalon.core.mobile.keyword.builtin.TapKeyword.execute(TapKeyword.groovy:68)
	at com.kms.katalon.core.keyword.internal.KeywordExecutor.executeKeywordForPlatform(KeywordExecutor.groovy:74)
	at com.kms.katalon.core.mobile.keyword.MobileBuiltInKeywords.tap(MobileBuiltInKeywords.groovy:1490)
	at com.kms.katalon.core.mobile.keyword.MobileBuiltInKeywords$tap$0.call(Unknown Source)
	at logoutsteps.Usertaplogoutbuttononhomepage(logoutsteps.groovy:68)
	at cucumber.runtime.Utils$1.call(Utils.java:26)
	at cucumber.runtime.Timeout.timeout(Timeout.java:16)
	at cucumber.runtime.Utils.invoke(Utils.java:20)
	at cucumber.runtime.java.JavaStepDefinition.execute(JavaStepDefinition.java:48)
	at cucumber.runtime.PickleStepDefinitionMatch.runStep(PickleStepDefinitionMatch.java:50)
	at cucumber.runner.TestStep.executeStep(TestStep.java:68)
	at cucumber.runner.TestStep.run(TestStep.java:50)
	at cucumber.runner.PickleStepTestStep.run(PickleStepTestStep.java:53)
	at cucumber.runner.TestCase.run(TestCase.java:47)
	at cucumber.runner.Runner.runPickle(Runner.java:44)
	at cucumber.runtime.Runtime.runFeature(Runtime.java:120)
	at cucumber.runtime.Runtime.run(Runtime.java:106)
	at cucumber.api.cli.Main.run(Main.java:35)
	at cucumber.api.cli.Main$run.call(Unknown Source)
	at com.kms.katalon.core.cucumber.keyword.CucumberBuiltinKeywords$_runFeatureFile_closure1.doCall(CucumberBuiltinKeywords.groovy:108)
	at com.kms.katalon.core.cucumber.keyword.CucumberBuiltinKeywords$_runFeatureFile_closure1.doCall(CucumberBuiltinKeywords.groovy)
	at com.kms.katalon.core.keyword.internal.KeywordMain.runKeyword(KeywordMain.groovy:74)
	at com.kms.katalon.core.keyword.internal.KeywordMain.runKeyword(KeywordMain.groovy:68)
	at com.kms.katalon.core.keyword.internal.KeywordMain$runKeyword.call(Unknown Source)
	at com.kms.katalon.core.cucumber.keyword.CucumberBuiltinKeywords.runFeatureFile(CucumberBuiltinKeywords.groovy:75)
	at com.kms.katalon.core.cucumber.keyword.CucumberBuiltinKeywords$runFeatureFile$0.callStatic(Unknown Source)
	at com.kms.katalon.core.cucumber.keyword.CucumberBuiltinKeywords.runFeatureFile(CucumberBuiltinKeywords.groovy:248)
	at com.kms.katalon.core.cucumber.keyword.CucumberBuiltinKeywords$runFeatureFile.call(Unknown Source)
	at Feature Test.run(Feature Test:24)
	at com.kms.katalon.core.main.ScriptEngine.run(ScriptEngine.java:194)
	at com.kms.katalon.core.main.ScriptEngine.runScriptAsRawText(ScriptEngine.java:119)
	at com.kms.katalon.core.main.TestCaseExecutor.runScript(TestCaseExecutor.java:445)
	at com.kms.katalon.core.main.TestCaseExecutor.doExecute(TestCaseExecutor.java:436)
	at com.kms.katalon.core.main.TestCaseExecutor.processExecutionPhase(TestCaseExecutor.java:415)
	at com.kms.katalon.core.main.TestCaseExecutor.accessMainPhase(TestCaseExecutor.java:407)
	at com.kms.katalon.core.main.TestCaseExecutor.execute(TestCaseExecutor.java:284)
	at com.kms.katalon.core.common.CommonExecutor.accessTestCaseMainPhase(CommonExecutor.java:65)
	at com.kms.katalon.core.main.TestSuiteExecutor.accessTestSuiteMainPhase(TestSuiteExecutor.java:144)
	at com.kms.katalon.core.main.TestSuiteExecutor.execute(TestSuiteExecutor.java:106)
	at com.kms.katalon.core.main.TestCaseMain.startTestSuite(TestCaseMain.java:185)
	at com.kms.katalon.core.main.TestCaseMain$startTestSuite$0.call(Unknown Source)
	at TempTestSuite1667628062132.run(TempTestSuite1667628062132.groovy:36)


2022-11-05 13:11:03 - [TEST_STEP][NOT_RUN] - User success logout: User success logout

2022-11-05 13:11:03 - [MESSAGE][NOT_RUN] - User success logout

2022-11-05 13:11:03 - [MESSAGE][FAILED] - Keyword runFeatureFile was failed (Root cause: cucumber.runtime.CucumberException: Error while transforming.
	at cucumber.runtime.formatter.JUnitFormatter.finishReport(JUnitFormatter.java:153)
	at cucumber.runtime.formatter.JUnitFormatter.access$400(JUnitFormatter.java:42)
	at cucumber.runtime.formatter.JUnitFormatter$5.receive(JUnitFormatter.java:77)
	at cucumber.runtime.formatter.JUnitFormatter$5.receive(JUnitFormatter.java:74)
	at cucumber.runner.EventBus.send(EventBus.java:28)
	at cucumber.runtime.Runtime.run(Runtime.java:109)
	at cucumber.api.cli.Main.run(Main.java:35)
	at cucumber.api.cli.Main$run.call(Unknown Source)
	at com.kms.katalon.core.cucumber.keyword.CucumberBuiltinKeywords$_runFeatureFile_closure1.doCall(CucumberBuiltinKeywords.groovy:108)
	at com.kms.katalon.core.cucumber.keyword.CucumberBuiltinKeywords$_runFeatureFile_closure1.doCall(CucumberBuiltinKeywords.groovy)
	at com.kms.katalon.core.keyword.internal.KeywordMain.runKeyword(KeywordMain.groovy:74)
	at com.kms.katalon.core.keyword.internal.KeywordMain.runKeyword(KeywordMain.groovy:68)
	at com.kms.katalon.core.keyword.internal.KeywordMain$runKeyword.call(Unknown Source)
	at com.kms.katalon.core.cucumber.keyword.CucumberBuiltinKeywords.runFeatureFile(CucumberBuiltinKeywords.groovy:75)
	at com.kms.katalon.core.cucumber.keyword.CucumberBuiltinKeywords$runFeatureFile$0.callStatic(Unknown Source)
	at com.kms.katalon.core.cucumber.keyword.CucumberBuiltinKeywords.runFeatureFile(CucumberBuiltinKeywords.groovy:248)
	at com.kms.katalon.core.cucumber.keyword.CucumberBuiltinKeywords$runFeatureFile.call(Unknown Source)
	at Feature Test.run(Feature Test:24)
	at com.kms.katalon.core.main.ScriptEngine.run(ScriptEngine.java:194)
	at com.kms.katalon.core.main.ScriptEngine.runScriptAsRawText(ScriptEngine.java:119)
	at com.kms.katalon.core.main.TestCaseExecutor.runScript(TestCaseExecutor.java:445)
	at com.kms.katalon.core.main.TestCaseExecutor.doExecute(TestCaseExecutor.java:436)
	at com.kms.katalon.core.main.TestCaseExecutor.processExecutionPhase(TestCaseExecutor.java:415)
	at com.kms.katalon.core.main.TestCaseExecutor.accessMainPhase(TestCaseExecutor.java:407)
	at com.kms.katalon.core.main.TestCaseExecutor.execute(TestCaseExecutor.java:284)
	at com.kms.katalon.core.common.CommonExecutor.accessTestCaseMainPhase(CommonExecutor.java:65)
	at com.kms.katalon.core.main.TestSuiteExecutor.accessTestSuiteMainPhase(TestSuiteExecutor.java:144)
	at com.kms.katalon.core.main.TestSuiteExecutor.execute(TestSuiteExecutor.java:106)
	at com.kms.katalon.core.main.TestCaseMain.startTestSuite(TestCaseMain.java:185)
	at com.kms.katalon.core.main.TestCaseMain$startTestSuite$0.call(Unknown Source)
	at TempTestSuite1667628062132.run(TempTestSuite1667628062132.groovy:36)
Caused by: javax.xml.transform.TransformerException: org.xml.sax.SAXException: The handle is invalid
java.io.IOException: The handle is invalid
	at com.sun.org.apache.xalan.internal.xsltc.trax.TransformerImpl.transform(TransformerImpl.java:740)
	at com.sun.org.apache.xalan.internal.xsltc.trax.TransformerImpl.transform(TransformerImpl.java:343)
	at cucumber.runtime.formatter.JUnitFormatter.finishReport(JUnitFormatter.java:150)
	at cucumber.runtime.formatter.JUnitFormatter.access$400(JUnitFormatter.java:42)
	at cucumber.runtime.formatter.JUnitFormatter$5.receive(JUnitFormatter.java:77)
	at cucumber.runtime.formatter.JUnitFormatter$5.receive(JUnitFormatter.java:74)
	at cucumber.runner.EventBus.send(EventBus.java:28)
	at cucumber.runtime.Runtime.run(Runtime.java:109)
	at cucumber.api.cli.Main.run(Main.java:35)
	at cucumber.api.cli.Main$run.call(Unknown Source)
	at com.kms.katalon.core.cucumber.keyword.CucumberBuiltinKeywords$_runFeatureFile_closure1.doCall(CucumberBuiltinKeywords.groovy:108)
	at com.kms.katalon.core.cucumber.keyword.CucumberBuiltinKeywords$_runFeatureFile_closure1.doCall(CucumberBuiltinKeywords.groovy)
	at com.kms.katalon.core.keyword.internal.KeywordMain.runKeyword(KeywordMain.groovy:74)
	at com.kms.katalon.core.keyword.internal.KeywordMain.runKeyword(KeywordMain.groovy:68)
	at com.kms.katalon.core.keyword.internal.KeywordMain$runKeyword.call(Unknown Source)
	at com.kms.katalon.core.cucumber.keyword.CucumberBuiltinKeywords.runFeatureFile(CucumberBuiltinKeywords.groovy:75)
	at com.kms.katalon.core.cucumber.keyword.CucumberBuiltinKeywords$runFeatureFile$0.callStatic(Unknown Source)
	at com.kms.katalon.core.cucumber.keyword.CucumberBuiltinKeywords.runFeatureFile(CucumberBuiltinKeywords.groovy:248)
	at com.kms.katalon.core.cucumber.keyword.CucumberBuiltinKeywords$runFeatureFile.call(Unknown Source)
	at Script1667620101734.run(Script1667620101734.groovy:24)
	... 13 more
Caused by: org.xml.sax.SAXException: The handle is invalid
java.io.IOException: The handle is invalid
	at com.sun.org.apache.xml.internal.serializer.ToStream.closeStartTag(ToStream.java:2457)
	at com.sun.org.apache.xml.internal.serializer.ToStream.characters(ToStream.java:1366)
	at com.sun.org.apache.xml.internal.serializer.ToUnknownStream.characters(ToUnknownStream.java:814)
	at com.sun.org.apache.xml.internal.serializer.ToUnknownStream.characters(ToUnknownStream.java:348)
	at com.sun.org.apache.xalan.internal.xsltc.trax.DOM2TO.parse(DOM2TO.java:122)
	at com.sun.org.apache.xalan.internal.xsltc.trax.DOM2TO.parse(DOM2TO.java:230)
	at com.sun.org.apache.xalan.internal.xsltc.trax.DOM2TO.parse(DOM2TO.java:230)
	at com.sun.org.apache.xalan.internal.xsltc.trax.DOM2TO.parse(DOM2TO.java:230)
	at com.sun.org.apache.xalan.internal.xsltc.trax.DOM2TO.parse(DOM2TO.java:136)
	at com.sun.org.apache.xalan.internal.xsltc.trax.DOM2TO.parse(DOM2TO.java:98)
	at com.sun.org.apache.xalan.internal.xsltc.trax.TransformerImpl.transformIdentity(TransformerImpl.java:684)
	at com.sun.org.apache.xalan.internal.xsltc.trax.TransformerImpl.transform(TransformerImpl.java:728)
	... 32 more
Caused by: java.io.IOException: The handle is invalid
	at cucumber.runtime.io.URLOutputStream.write(URLOutputStream.java:60)
	at com.sun.org.apache.xml.internal.serializer.ToStream.writeAttrString(ToStream.java:1986)
	at com.sun.org.apache.xml.internal.serializer.ToStream.processAttributes(ToStream.java:1953)
	at com.sun.org.apache.xml.internal.serializer.ToStream.closeStartTag(ToStream.java:2449)
	... 43 more
)]]></system-out>
         <system-err><![CDATA[2022-11-05 13:01:12 - [TEST_CASE][FAILED] - Test Cases/Feature Test: Test Cases/Feature Test FAILED.
Reason:
com.kms.katalon.core.exception.StepFailedException: Keyword runFeatureFile was failed (Root cause: cucumber.runtime.CucumberException: Error while transforming.
	at cucumber.runtime.formatter.JUnitFormatter.finishReport(JUnitFormatter.java:153)
	at cucumber.runtime.formatter.JUnitFormatter.access$400(JUnitFormatter.java:42)
	at cucumber.runtime.formatter.JUnitFormatter$5.receive(JUnitFormatter.java:77)
	at cucumber.runtime.formatter.JUnitFormatter$5.receive(JUnitFormatter.java:74)
	at cucumber.runner.EventBus.send(EventBus.java:28)
	at cucumber.runtime.Runtime.run(Runtime.java:109)
	at cucumber.api.cli.Main.run(Main.java:35)
	at cucumber.api.cli.Main$run.call(Unknown Source)
	at com.kms.katalon.core.cucumber.keyword.CucumberBuiltinKeywords$_runFeatureFile_closure1.doCall(CucumberBuiltinKeywords.groovy:108)
	at com.kms.katalon.core.cucumber.keyword.CucumberBuiltinKeywords$_runFeatureFile_closure1.doCall(CucumberBuiltinKeywords.groovy)
	at com.kms.katalon.core.keyword.internal.KeywordMain.runKeyword(KeywordMain.groovy:74)
	at com.kms.katalon.core.keyword.internal.KeywordMain.runKeyword(KeywordMain.groovy:68)
	at com.kms.katalon.core.keyword.internal.KeywordMain$runKeyword.call(Unknown Source)
	at com.kms.katalon.core.cucumber.keyword.CucumberBuiltinKeywords.runFeatureFile(CucumberBuiltinKeywords.groovy:75)
	at com.kms.katalon.core.cucumber.keyword.CucumberBuiltinKeywords$runFeatureFile$0.callStatic(Unknown Source)
	at com.kms.katalon.core.cucumber.keyword.CucumberBuiltinKeywords.runFeatureFile(CucumberBuiltinKeywords.groovy:248)
	at com.kms.katalon.core.cucumber.keyword.CucumberBuiltinKeywords$runFeatureFile.call(Unknown Source)
	at Feature Test.run(Feature Test:24)
	at com.kms.katalon.core.main.ScriptEngine.run(ScriptEngine.java:194)
	at com.kms.katalon.core.main.ScriptEngine.runScriptAsRawText(ScriptEngine.java:119)
	at com.kms.katalon.core.main.TestCaseExecutor.runScript(TestCaseExecutor.java:445)
	at com.kms.katalon.core.main.TestCaseExecutor.doExecute(TestCaseExecutor.java:436)
	at com.kms.katalon.core.main.TestCaseExecutor.processExecutionPhase(TestCaseExecutor.java:415)
	at com.kms.katalon.core.main.TestCaseExecutor.accessMainPhase(TestCaseExecutor.java:407)
	at com.kms.katalon.core.main.TestCaseExecutor.execute(TestCaseExecutor.java:284)
	at com.kms.katalon.core.common.CommonExecutor.accessTestCaseMainPhase(CommonExecutor.java:65)
	at com.kms.katalon.core.main.TestSuiteExecutor.accessTestSuiteMainPhase(TestSuiteExecutor.java:144)
	at com.kms.katalon.core.main.TestSuiteExecutor.execute(TestSuiteExecutor.java:106)
	at com.kms.katalon.core.main.TestCaseMain.startTestSuite(TestCaseMain.java:185)
	at com.kms.katalon.core.main.TestCaseMain$startTestSuite$0.call(Unknown Source)
	at TempTestSuite1667628062132.run(TempTestSuite1667628062132.groovy:36)
Caused by: javax.xml.transform.TransformerException: org.xml.sax.SAXException: The handle is invalid
java.io.IOException: The handle is invalid
	at com.sun.org.apache.xalan.internal.xsltc.trax.TransformerImpl.transform(TransformerImpl.java:740)
	at com.sun.org.apache.xalan.internal.xsltc.trax.TransformerImpl.transform(TransformerImpl.java:343)
	at cucumber.runtime.formatter.JUnitFormatter.finishReport(JUnitFormatter.java:150)
	at cucumber.runtime.formatter.JUnitFormatter.access$400(JUnitFormatter.java:42)
	at cucumber.runtime.formatter.JUnitFormatter$5.receive(JUnitFormatter.java:77)
	at cucumber.runtime.formatter.JUnitFormatter$5.receive(JUnitFormatter.java:74)
	at cucumber.runner.EventBus.send(EventBus.java:28)
	at cucumber.runtime.Runtime.run(Runtime.java:109)
	at cucumber.api.cli.Main.run(Main.java:35)
	at cucumber.api.cli.Main$run.call(Unknown Source)
	at com.kms.katalon.core.cucumber.keyword.CucumberBuiltinKeywords$_runFeatureFile_closure1.doCall(CucumberBuiltinKeywords.groovy:108)
	at com.kms.katalon.core.cucumber.keyword.CucumberBuiltinKeywords$_runFeatureFile_closure1.doCall(CucumberBuiltinKeywords.groovy)
	at com.kms.katalon.core.keyword.internal.KeywordMain.runKeyword(KeywordMain.groovy:74)
	at com.kms.katalon.core.keyword.internal.KeywordMain.runKeyword(KeywordMain.groovy:68)
	at com.kms.katalon.core.keyword.internal.KeywordMain$runKeyword.call(Unknown Source)
	at com.kms.katalon.core.cucumber.keyword.CucumberBuiltinKeywords.runFeatureFile(CucumberBuiltinKeywords.groovy:75)
	at com.kms.katalon.core.cucumber.keyword.CucumberBuiltinKeywords$runFeatureFile$0.callStatic(Unknown Source)
	at com.kms.katalon.core.cucumber.keyword.CucumberBuiltinKeywords.runFeatureFile(CucumberBuiltinKeywords.groovy:248)
	at com.kms.katalon.core.cucumber.keyword.CucumberBuiltinKeywords$runFeatureFile.call(Unknown Source)
	at Script1667620101734.run(Script1667620101734.groovy:24)
	... 13 more
Caused by: org.xml.sax.SAXException: The handle is invalid
java.io.IOException: The handle is invalid
	at com.sun.org.apache.xml.internal.serializer.ToStream.closeStartTag(ToStream.java:2457)
	at com.sun.org.apache.xml.internal.serializer.ToStream.characters(ToStream.java:1366)
	at com.sun.org.apache.xml.internal.serializer.ToUnknownStream.characters(ToUnknownStream.java:814)
	at com.sun.org.apache.xml.internal.serializer.ToUnknownStream.characters(ToUnknownStream.java:348)
	at com.sun.org.apache.xalan.internal.xsltc.trax.DOM2TO.parse(DOM2TO.java:122)
	at com.sun.org.apache.xalan.internal.xsltc.trax.DOM2TO.parse(DOM2TO.java:230)
	at com.sun.org.apache.xalan.internal.xsltc.trax.DOM2TO.parse(DOM2TO.java:230)
	at com.sun.org.apache.xalan.internal.xsltc.trax.DOM2TO.parse(DOM2TO.java:230)
	at com.sun.org.apache.xalan.internal.xsltc.trax.DOM2TO.parse(DOM2TO.java:136)
	at com.sun.org.apache.xalan.internal.xsltc.trax.DOM2TO.parse(DOM2TO.java:98)
	at com.sun.org.apache.xalan.internal.xsltc.trax.TransformerImpl.transformIdentity(TransformerImpl.java:684)
	at com.sun.org.apache.xalan.internal.xsltc.trax.TransformerImpl.transform(TransformerImpl.java:728)
	... 32 more
Caused by: java.io.IOException: The handle is invalid
	at cucumber.runtime.io.URLOutputStream.write(URLOutputStream.java:60)
	at com.sun.org.apache.xml.internal.serializer.ToStream.writeAttrString(ToStream.java:1986)
	at com.sun.org.apache.xml.internal.serializer.ToStream.processAttributes(ToStream.java:1953)
	at com.sun.org.apache.xml.internal.serializer.ToStream.closeStartTag(ToStream.java:2449)
	... 43 more
)
	at com.kms.katalon.core.keyword.internal.KeywordMain.stepFailed(KeywordMain.groovy:50)
	at com.kms.katalon.core.keyword.internal.KeywordMain.stepFailed(KeywordMain.groovy)
	at com.kms.katalon.core.keyword.internal.KeywordMain.runKeyword(KeywordMain.groovy:76)
	at com.kms.katalon.core.keyword.internal.KeywordMain.runKeyword(KeywordMain.groovy:68)
	at com.kms.katalon.core.keyword.internal.KeywordMain$runKeyword.call(Unknown Source)
	at com.kms.katalon.core.cucumber.keyword.CucumberBuiltinKeywords.runFeatureFile(CucumberBuiltinKeywords.groovy:75)
	at com.kms.katalon.core.cucumber.keyword.CucumberBuiltinKeywords$runFeatureFile$0.callStatic(Unknown Source)
	at com.kms.katalon.core.cucumber.keyword.CucumberBuiltinKeywords.runFeatureFile(CucumberBuiltinKeywords.groovy:248)
	at com.kms.katalon.core.cucumber.keyword.CucumberBuiltinKeywords$runFeatureFile.call(Unknown Source)
	at Feature Test.run(Feature Test:24)
	at com.kms.katalon.core.main.ScriptEngine.run(ScriptEngine.java:194)
	at com.kms.katalon.core.main.ScriptEngine.runScriptAsRawText(ScriptEngine.java:119)
	at com.kms.katalon.core.main.TestCaseExecutor.runScript(TestCaseExecutor.java:445)
	at com.kms.katalon.core.main.TestCaseExecutor.doExecute(TestCaseExecutor.java:436)
	at com.kms.katalon.core.main.TestCaseExecutor.processExecutionPhase(TestCaseExecutor.java:415)
	at com.kms.katalon.core.main.TestCaseExecutor.accessMainPhase(TestCaseExecutor.java:407)
	at com.kms.katalon.core.main.TestCaseExecutor.execute(TestCaseExecutor.java:284)
	at com.kms.katalon.core.common.CommonExecutor.accessTestCaseMainPhase(CommonExecutor.java:65)
	at com.kms.katalon.core.main.TestSuiteExecutor.accessTestSuiteMainPhase(TestSuiteExecutor.java:144)
	at com.kms.katalon.core.main.TestSuiteExecutor.execute(TestSuiteExecutor.java:106)
	at com.kms.katalon.core.main.TestCaseMain.startTestSuite(TestCaseMain.java:185)
	at com.kms.katalon.core.main.TestCaseMain$startTestSuite$0.call(Unknown Source)
	at TempTestSuite1667628062132.run(TempTestSuite1667628062132.groovy:36)
Caused by: cucumber.runtime.CucumberException: Error while transforming.
	at cucumber.runtime.formatter.JUnitFormatter.finishReport(JUnitFormatter.java:153)
	at cucumber.runtime.formatter.JUnitFormatter.access$400(JUnitFormatter.java:42)
	at cucumber.runtime.formatter.JUnitFormatter$5.receive(JUnitFormatter.java:77)
	at cucumber.runtime.formatter.JUnitFormatter$5.receive(JUnitFormatter.java:74)
	at cucumber.runner.EventBus.send(EventBus.java:28)
	at cucumber.runtime.Runtime.run(Runtime.java:109)
	at cucumber.api.cli.Main.run(Main.java:35)
	at cucumber.api.cli.Main$run.call(Unknown Source)
	at com.kms.katalon.core.cucumber.keyword.CucumberBuiltinKeywords$_runFeatureFile_closure1.doCall(CucumberBuiltinKeywords.groovy:108)
	at com.kms.katalon.core.cucumber.keyword.CucumberBuiltinKeywords$_runFeatureFile_closure1.doCall(CucumberBuiltinKeywords.groovy)
	at com.kms.katalon.core.keyword.internal.KeywordMain.runKeyword(KeywordMain.groovy:74)
	... 20 more
Caused by: javax.xml.transform.TransformerException: org.xml.sax.SAXException: The handle is invalid
java.io.IOException: The handle is invalid
	at com.sun.org.apache.xalan.internal.xsltc.trax.TransformerImpl.transform(TransformerImpl.java:740)
	at com.sun.org.apache.xalan.internal.xsltc.trax.TransformerImpl.transform(TransformerImpl.java:343)
	at cucumber.runtime.formatter.JUnitFormatter.finishReport(JUnitFormatter.java:150)
	at cucumber.runtime.formatter.JUnitFormatter.access$400(JUnitFormatter.java:42)
	at cucumber.runtime.formatter.JUnitFormatter$5.receive(JUnitFormatter.java:77)
	at cucumber.runtime.formatter.JUnitFormatter$5.receive(JUnitFormatter.java:74)
	at cucumber.runner.EventBus.send(EventBus.java:28)
	at cucumber.runtime.Runtime.run(Runtime.java:109)
	at cucumber.api.cli.Main.run(Main.java:35)
	at cucumber.api.cli.Main$run.call(Unknown Source)
	at com.kms.katalon.core.cucumber.keyword.CucumberBuiltinKeywords$_runFeatureFile_closure1.doCall(CucumberBuiltinKeywords.groovy:108)
	at com.kms.katalon.core.cucumber.keyword.CucumberBuiltinKeywords$_runFeatureFile_closure1.doCall(CucumberBuiltinKeywords.groovy)
	at com.kms.katalon.core.keyword.internal.KeywordMain.runKeyword(KeywordMain.groovy:74)
	at com.kms.katalon.core.keyword.internal.KeywordMain.runKeyword(KeywordMain.groovy:68)
	at com.kms.katalon.core.keyword.internal.KeywordMain$runKeyword.call(Unknown Source)
	at com.kms.katalon.core.cucumber.keyword.CucumberBuiltinKeywords.runFeatureFile(CucumberBuiltinKeywords.groovy:75)
	at com.kms.katalon.core.cucumber.keyword.CucumberBuiltinKeywords$runFeatureFile$0.callStatic(Unknown Source)
	at com.kms.katalon.core.cucumber.keyword.CucumberBuiltinKeywords.runFeatureFile(CucumberBuiltinKeywords.groovy:248)
	at com.kms.katalon.core.cucumber.keyword.CucumberBuiltinKeywords$runFeatureFile.call(Unknown Source)
	at Script1667620101734.run(Script1667620101734.groovy:24)
	... 13 more
Caused by: org.xml.sax.SAXException: The handle is invalid
java.io.IOException: The handle is invalid
	at com.sun.org.apache.xml.internal.serializer.ToStream.closeStartTag(ToStream.java:2457)
	at com.sun.org.apache.xml.internal.serializer.ToStream.characters(ToStream.java:1366)
	at com.sun.org.apache.xml.internal.serializer.ToUnknownStream.characters(ToUnknownStream.java:814)
	at com.sun.org.apache.xml.internal.serializer.ToUnknownStream.characters(ToUnknownStream.java:348)
	at com.sun.org.apache.xalan.internal.xsltc.trax.DOM2TO.parse(DOM2TO.java:122)
	at com.sun.org.apache.xalan.internal.xsltc.trax.DOM2TO.parse(DOM2TO.java:230)
	at com.sun.org.apache.xalan.internal.xsltc.trax.DOM2TO.parse(DOM2TO.java:230)
	at com.sun.org.apache.xalan.internal.xsltc.trax.DOM2TO.parse(DOM2TO.java:230)
	at com.sun.org.apache.xalan.internal.xsltc.trax.DOM2TO.parse(DOM2TO.java:136)
	at com.sun.org.apache.xalan.internal.xsltc.trax.DOM2TO.parse(DOM2TO.java:98)
	at com.sun.org.apache.xalan.internal.xsltc.trax.TransformerImpl.transformIdentity(TransformerImpl.java:684)
	at com.sun.org.apache.xalan.internal.xsltc.trax.TransformerImpl.transform(TransformerImpl.java:728)
	... 32 more
Caused by: java.io.IOException: The handle is invalid
	at cucumber.runtime.io.URLOutputStream.write(URLOutputStream.java:60)
	at com.sun.org.apache.xml.internal.serializer.ToStream.writeAttrString(ToStream.java:1986)
	at com.sun.org.apache.xml.internal.serializer.ToStream.processAttributes(ToStream.java:1953)
	at com.sun.org.apache.xml.internal.serializer.ToStream.closeStartTag(ToStream.java:2449)
	at com.sun.org.apache.xml.internal.serializer.ToStream.characters(ToStream.java:1366)
	at com.sun.org.apache.xml.internal.serializer.ToUnknownStream.characters(ToUnknownStream.java:814)
	at com.sun.org.apache.xml.internal.serializer.ToUnknownStream.characters(ToUnknownStream.java:348)
	at com.sun.org.apache.xalan.internal.xsltc.trax.DOM2TO.parse(DOM2TO.java:122)
	at com.sun.org.apache.xalan.internal.xsltc.trax.DOM2TO.parse(DOM2TO.java:230)
	at com.sun.org.apache.xalan.internal.xsltc.trax.DOM2TO.parse(DOM2TO.java:230)
	at com.sun.org.apache.xalan.internal.xsltc.trax.DOM2TO.parse(DOM2TO.java:230)
	at com.sun.org.apache.xalan.internal.xsltc.trax.DOM2TO.parse(DOM2TO.java:136)
	at com.sun.org.apache.xalan.internal.xsltc.trax.DOM2TO.parse(DOM2TO.java:98)
	at com.sun.org.apache.xalan.internal.xsltc.trax.TransformerImpl.transformIdentity(TransformerImpl.java:684)
	at com.sun.org.apache.xalan.internal.xsltc.trax.TransformerImpl.transform(TransformerImpl.java:728)
	at com.sun.org.apache.xalan.internal.xsltc.trax.TransformerImpl.transform(TransformerImpl.java:343)
	at cucumber.runtime.formatter.JUnitFormatter.finishReport(JUnitFormatter.java:150)
	at cucumber.runtime.formatter.JUnitFormatter.access$400(JUnitFormatter.java:42)
	at cucumber.runtime.formatter.JUnitFormatter$5.receive(JUnitFormatter.java:77)
	at cucumber.runtime.formatter.JUnitFormatter$5.receive(JUnitFormatter.java:74)
	at cucumber.runner.EventBus.send(EventBus.java:28)
	at cucumber.runtime.Runtime.run(Runtime.java:109)
	at cucumber.api.cli.Main.run(Main.java:35)
	at cucumber.api.cli.Main$run.call(Unknown Source)
	at com.kms.katalon.core.cucumber.keyword.CucumberBuiltinKeywords$_runFeatureFile_closure1.doCall(CucumberBuiltinKeywords.groovy:108)
	at com.kms.katalon.core.cucumber.keyword.CucumberBuiltinKeywords$_runFeatureFile_closure1.doCall(CucumberBuiltinKeywords.groovy)
	at com.kms.katalon.core.keyword.internal.KeywordMain.runKeyword(KeywordMain.groovy:74)
	at com.kms.katalon.core.keyword.internal.KeywordMain.runKeyword(KeywordMain.groovy:68)
	at com.kms.katalon.core.keyword.internal.KeywordMain$runKeyword.call(Unknown Source)
	at com.kms.katalon.core.cucumber.keyword.CucumberBuiltinKeywords.runFeatureFile(CucumberBuiltinKeywords.groovy:75)
	at com.kms.katalon.core.cucumber.keyword.CucumberBuiltinKeywords$runFeatureFile$0.callStatic(Unknown Source)
	at com.kms.katalon.core.cucumber.keyword.CucumberBuiltinKeywords.runFeatureFile(CucumberBuiltinKeywords.groovy:248)
	at com.kms.katalon.core.cucumber.keyword.CucumberBuiltinKeywords$runFeatureFile.call(Unknown Source)
	at Feature Test.run(Feature Test:24)
	... 13 more]]></system-err>
      </testcase>
      <system-out><![CDATA[2022-11-05 13:01:11 - [TEST_SUITE][FAILED] - Test Suite Mobile: Test Cases/Feature Test FAILED.
Reason:
com.kms.katalon.core.exception.StepFailedException: Keyword runFeatureFile was failed (Root cause: cucumber.runtime.CucumberException: Error while transforming.
	at cucumber.runtime.formatter.JUnitFormatter.finishReport(JUnitFormatter.java:153)
	at cucumber.runtime.formatter.JUnitFormatter.access$400(JUnitFormatter.java:42)
	at cucumber.runtime.formatter.JUnitFormatter$5.receive(JUnitFormatter.java:77)
	at cucumber.runtime.formatter.JUnitFormatter$5.receive(JUnitFormatter.java:74)
	at cucumber.runner.EventBus.send(EventBus.java:28)
	at cucumber.runtime.Runtime.run(Runtime.java:109)
	at cucumber.api.cli.Main.run(Main.java:35)
	at cucumber.api.cli.Main$run.call(Unknown Source)
	at com.kms.katalon.core.cucumber.keyword.CucumberBuiltinKeywords$_runFeatureFile_closure1.doCall(CucumberBuiltinKeywords.groovy:108)
	at com.kms.katalon.core.cucumber.keyword.CucumberBuiltinKeywords$_runFeatureFile_closure1.doCall(CucumberBuiltinKeywords.groovy)
	at com.kms.katalon.core.keyword.internal.KeywordMain.runKeyword(KeywordMain.groovy:74)
	at com.kms.katalon.core.keyword.internal.KeywordMain.runKeyword(KeywordMain.groovy:68)
	at com.kms.katalon.core.keyword.internal.KeywordMain$runKeyword.call(Unknown Source)
	at com.kms.katalon.core.cucumber.keyword.CucumberBuiltinKeywords.runFeatureFile(CucumberBuiltinKeywords.groovy:75)
	at com.kms.katalon.core.cucumber.keyword.CucumberBuiltinKeywords$runFeatureFile$0.callStatic(Unknown Source)
	at com.kms.katalon.core.cucumber.keyword.CucumberBuiltinKeywords.runFeatureFile(CucumberBuiltinKeywords.groovy:248)
	at com.kms.katalon.core.cucumber.keyword.CucumberBuiltinKeywords$runFeatureFile.call(Unknown Source)
	at Feature Test.run(Feature Test:24)
	at com.kms.katalon.core.main.ScriptEngine.run(ScriptEngine.java:194)
	at com.kms.katalon.core.main.ScriptEngine.runScriptAsRawText(ScriptEngine.java:119)
	at com.kms.katalon.core.main.TestCaseExecutor.runScript(TestCaseExecutor.java:445)
	at com.kms.katalon.core.main.TestCaseExecutor.doExecute(TestCaseExecutor.java:436)
	at com.kms.katalon.core.main.TestCaseExecutor.processExecutionPhase(TestCaseExecutor.java:415)
	at com.kms.katalon.core.main.TestCaseExecutor.accessMainPhase(TestCaseExecutor.java:407)
	at com.kms.katalon.core.main.TestCaseExecutor.execute(TestCaseExecutor.java:284)
	at com.kms.katalon.core.common.CommonExecutor.accessTestCaseMainPhase(CommonExecutor.java:65)
	at com.kms.katalon.core.main.TestSuiteExecutor.accessTestSuiteMainPhase(TestSuiteExecutor.java:144)
	at com.kms.katalon.core.main.TestSuiteExecutor.execute(TestSuiteExecutor.java:106)
	at com.kms.katalon.core.main.TestCaseMain.startTestSuite(TestCaseMain.java:185)
	at com.kms.katalon.core.main.TestCaseMain$startTestSuite$0.call(Unknown Source)
	at TempTestSuite1667628062132.run(TempTestSuite1667628062132.groovy:36)
Caused by: javax.xml.transform.TransformerException: org.xml.sax.SAXException: The handle is invalid
java.io.IOException: The handle is invalid
	at com.sun.org.apache.xalan.internal.xsltc.trax.TransformerImpl.transform(TransformerImpl.java:740)
	at com.sun.org.apache.xalan.internal.xsltc.trax.TransformerImpl.transform(TransformerImpl.java:343)
	at cucumber.runtime.formatter.JUnitFormatter.finishReport(JUnitFormatter.java:150)
	at cucumber.runtime.formatter.JUnitFormatter.access$400(JUnitFormatter.java:42)
	at cucumber.runtime.formatter.JUnitFormatter$5.receive(JUnitFormatter.java:77)
	at cucumber.runtime.formatter.JUnitFormatter$5.receive(JUnitFormatter.java:74)
	at cucumber.runner.EventBus.send(EventBus.java:28)
	at cucumber.runtime.Runtime.run(Runtime.java:109)
	at cucumber.api.cli.Main.run(Main.java:35)
	at cucumber.api.cli.Main$run.call(Unknown Source)
	at com.kms.katalon.core.cucumber.keyword.CucumberBuiltinKeywords$_runFeatureFile_closure1.doCall(CucumberBuiltinKeywords.groovy:108)
	at com.kms.katalon.core.cucumber.keyword.CucumberBuiltinKeywords$_runFeatureFile_closure1.doCall(CucumberBuiltinKeywords.groovy)
	at com.kms.katalon.core.keyword.internal.KeywordMain.runKeyword(KeywordMain.groovy:74)
	at com.kms.katalon.core.keyword.internal.KeywordMain.runKeyword(KeywordMain.groovy:68)
	at com.kms.katalon.core.keyword.internal.KeywordMain$runKeyword.call(Unknown Source)
	at com.kms.katalon.core.cucumber.keyword.CucumberBuiltinKeywords.runFeatureFile(CucumberBuiltinKeywords.groovy:75)
	at com.kms.katalon.core.cucumber.keyword.CucumberBuiltinKeywords$runFeatureFile$0.callStatic(Unknown Source)
	at com.kms.katalon.core.cucumber.keyword.CucumberBuiltinKeywords.runFeatureFile(CucumberBuiltinKeywords.groovy:248)
	at com.kms.katalon.core.cucumber.keyword.CucumberBuiltinKeywords$runFeatureFile.call(Unknown Source)
	at Script1667620101734.run(Script1667620101734.groovy:24)
	... 13 more
Caused by: org.xml.sax.SAXException: The handle is invalid
java.io.IOException: The handle is invalid
	at com.sun.org.apache.xml.internal.serializer.ToStream.closeStartTag(ToStream.java:2457)
	at com.sun.org.apache.xml.internal.serializer.ToStream.characters(ToStream.java:1366)
	at com.sun.org.apache.xml.internal.serializer.ToUnknownStream.characters(ToUnknownStream.java:814)
	at com.sun.org.apache.xml.internal.serializer.ToUnknownStream.characters(ToUnknownStream.java:348)
	at com.sun.org.apache.xalan.internal.xsltc.trax.DOM2TO.parse(DOM2TO.java:122)
	at com.sun.org.apache.xalan.internal.xsltc.trax.DOM2TO.parse(DOM2TO.java:230)
	at com.sun.org.apache.xalan.internal.xsltc.trax.DOM2TO.parse(DOM2TO.java:230)
	at com.sun.org.apache.xalan.internal.xsltc.trax.DOM2TO.parse(DOM2TO.java:230)
	at com.sun.org.apache.xalan.internal.xsltc.trax.DOM2TO.parse(DOM2TO.java:136)
	at com.sun.org.apache.xalan.internal.xsltc.trax.DOM2TO.parse(DOM2TO.java:98)
	at com.sun.org.apache.xalan.internal.xsltc.trax.TransformerImpl.transformIdentity(TransformerImpl.java:684)
	at com.sun.org.apache.xalan.internal.xsltc.trax.TransformerImpl.transform(TransformerImpl.java:728)
	... 32 more
Caused by: java.io.IOException: The handle is invalid
	at cucumber.runtime.io.URLOutputStream.write(URLOutputStream.java:60)
	at com.sun.org.apache.xml.internal.serializer.ToStream.writeAttrString(ToStream.java:1986)
	at com.sun.org.apache.xml.internal.serializer.ToStream.processAttributes(ToStream.java:1953)
	at com.sun.org.apache.xml.internal.serializer.ToStream.closeStartTag(ToStream.java:2449)
	... 43 more
)
	at com.kms.katalon.core.keyword.internal.KeywordMain.stepFailed(KeywordMain.groovy:50)
	at com.kms.katalon.core.keyword.internal.KeywordMain.stepFailed(KeywordMain.groovy)
	at com.kms.katalon.core.keyword.internal.KeywordMain.runKeyword(KeywordMain.groovy:76)
	at com.kms.katalon.core.keyword.internal.KeywordMain.runKeyword(KeywordMain.groovy:68)
	at com.kms.katalon.core.keyword.internal.KeywordMain$runKeyword.call(Unknown Source)
	at com.kms.katalon.core.cucumber.keyword.CucumberBuiltinKeywords.runFeatureFile(CucumberBuiltinKeywords.groovy:75)
	at com.kms.katalon.core.cucumber.keyword.CucumberBuiltinKeywords$runFeatureFile$0.callStatic(Unknown Source)
	at com.kms.katalon.core.cucumber.keyword.CucumberBuiltinKeywords.runFeatureFile(CucumberBuiltinKeywords.groovy:248)
	at com.kms.katalon.core.cucumber.keyword.CucumberBuiltinKeywords$runFeatureFile.call(Unknown Source)
	at Feature Test.run(Feature Test:24)
	at com.kms.katalon.core.main.ScriptEngine.run(ScriptEngine.java:194)
	at com.kms.katalon.core.main.ScriptEngine.runScriptAsRawText(ScriptEngine.java:119)
	at com.kms.katalon.core.main.TestCaseExecutor.runScript(TestCaseExecutor.java:445)
	at com.kms.katalon.core.main.TestCaseExecutor.doExecute(TestCaseExecutor.java:436)
	at com.kms.katalon.core.main.TestCaseExecutor.processExecutionPhase(TestCaseExecutor.java:415)
	at com.kms.katalon.core.main.TestCaseExecutor.accessMainPhase(TestCaseExecutor.java:407)
	at com.kms.katalon.core.main.TestCaseExecutor.execute(TestCaseExecutor.java:284)
	at com.kms.katalon.core.common.CommonExecutor.accessTestCaseMainPhase(CommonExecutor.java:65)
	at com.kms.katalon.core.main.TestSuiteExecutor.accessTestSuiteMainPhase(TestSuiteExecutor.java:144)
	at com.kms.katalon.core.main.TestSuiteExecutor.execute(TestSuiteExecutor.java:106)
	at com.kms.katalon.core.main.TestCaseMain.startTestSuite(TestCaseMain.java:185)
	at com.kms.katalon.core.main.TestCaseMain$startTestSuite$0.call(Unknown Source)
	at TempTestSuite1667628062132.run(TempTestSuite1667628062132.groovy:36)
Caused by: cucumber.runtime.CucumberException: Error while transforming.
	at cucumber.runtime.formatter.JUnitFormatter.finishReport(JUnitFormatter.java:153)
	at cucumber.runtime.formatter.JUnitFormatter.access$400(JUnitFormatter.java:42)
	at cucumber.runtime.formatter.JUnitFormatter$5.receive(JUnitFormatter.java:77)
	at cucumber.runtime.formatter.JUnitFormatter$5.receive(JUnitFormatter.java:74)
	at cucumber.runner.EventBus.send(EventBus.java:28)
	at cucumber.runtime.Runtime.run(Runtime.java:109)
	at cucumber.api.cli.Main.run(Main.java:35)
	at cucumber.api.cli.Main$run.call(Unknown Source)
	at com.kms.katalon.core.cucumber.keyword.CucumberBuiltinKeywords$_runFeatureFile_closure1.doCall(CucumberBuiltinKeywords.groovy:108)
	at com.kms.katalon.core.cucumber.keyword.CucumberBuiltinKeywords$_runFeatureFile_closure1.doCall(CucumberBuiltinKeywords.groovy)
	at com.kms.katalon.core.keyword.internal.KeywordMain.runKeyword(KeywordMain.groovy:74)
	... 20 more
Caused by: javax.xml.transform.TransformerException: org.xml.sax.SAXException: The handle is invalid
java.io.IOException: The handle is invalid
	at com.sun.org.apache.xalan.internal.xsltc.trax.TransformerImpl.transform(TransformerImpl.java:740)
	at com.sun.org.apache.xalan.internal.xsltc.trax.TransformerImpl.transform(TransformerImpl.java:343)
	at cucumber.runtime.formatter.JUnitFormatter.finishReport(JUnitFormatter.java:150)
	at cucumber.runtime.formatter.JUnitFormatter.access$400(JUnitFormatter.java:42)
	at cucumber.runtime.formatter.JUnitFormatter$5.receive(JUnitFormatter.java:77)
	at cucumber.runtime.formatter.JUnitFormatter$5.receive(JUnitFormatter.java:74)
	at cucumber.runner.EventBus.send(EventBus.java:28)
	at cucumber.runtime.Runtime.run(Runtime.java:109)
	at cucumber.api.cli.Main.run(Main.java:35)
	at cucumber.api.cli.Main$run.call(Unknown Source)
	at com.kms.katalon.core.cucumber.keyword.CucumberBuiltinKeywords$_runFeatureFile_closure1.doCall(CucumberBuiltinKeywords.groovy:108)
	at com.kms.katalon.core.cucumber.keyword.CucumberBuiltinKeywords$_runFeatureFile_closure1.doCall(CucumberBuiltinKeywords.groovy)
	at com.kms.katalon.core.keyword.internal.KeywordMain.runKeyword(KeywordMain.groovy:74)
	at com.kms.katalon.core.keyword.internal.KeywordMain.runKeyword(KeywordMain.groovy:68)
	at com.kms.katalon.core.keyword.internal.KeywordMain$runKeyword.call(Unknown Source)
	at com.kms.katalon.core.cucumber.keyword.CucumberBuiltinKeywords.runFeatureFile(CucumberBuiltinKeywords.groovy:75)
	at com.kms.katalon.core.cucumber.keyword.CucumberBuiltinKeywords$runFeatureFile$0.callStatic(Unknown Source)
	at com.kms.katalon.core.cucumber.keyword.CucumberBuiltinKeywords.runFeatureFile(CucumberBuiltinKeywords.groovy:248)
	at com.kms.katalon.core.cucumber.keyword.CucumberBuiltinKeywords$runFeatureFile.call(Unknown Source)
	at Script1667620101734.run(Script1667620101734.groovy:24)
	... 13 more
Caused by: org.xml.sax.SAXException: The handle is invalid
java.io.IOException: The handle is invalid
	at com.sun.org.apache.xml.internal.serializer.ToStream.closeStartTag(ToStream.java:2457)
	at com.sun.org.apache.xml.internal.serializer.ToStream.characters(ToStream.java:1366)
	at com.sun.org.apache.xml.internal.serializer.ToUnknownStream.characters(ToUnknownStream.java:814)
	at com.sun.org.apache.xml.internal.serializer.ToUnknownStream.characters(ToUnknownStream.java:348)
	at com.sun.org.apache.xalan.internal.xsltc.trax.DOM2TO.parse(DOM2TO.java:122)
	at com.sun.org.apache.xalan.internal.xsltc.trax.DOM2TO.parse(DOM2TO.java:230)
	at com.sun.org.apache.xalan.internal.xsltc.trax.DOM2TO.parse(DOM2TO.java:230)
	at com.sun.org.apache.xalan.internal.xsltc.trax.DOM2TO.parse(DOM2TO.java:230)
	at com.sun.org.apache.xalan.internal.xsltc.trax.DOM2TO.parse(DOM2TO.java:136)
	at com.sun.org.apache.xalan.internal.xsltc.trax.DOM2TO.parse(DOM2TO.java:98)
	at com.sun.org.apache.xalan.internal.xsltc.trax.TransformerImpl.transformIdentity(TransformerImpl.java:684)
	at com.sun.org.apache.xalan.internal.xsltc.trax.TransformerImpl.transform(TransformerImpl.java:728)
	... 32 more
Caused by: java.io.IOException: The handle is invalid
	at cucumber.runtime.io.URLOutputStream.write(URLOutputStream.java:60)
	at com.sun.org.apache.xml.internal.serializer.ToStream.writeAttrString(ToStream.java:1986)
	at com.sun.org.apache.xml.internal.serializer.ToStream.processAttributes(ToStream.java:1953)
	at com.sun.org.apache.xml.internal.serializer.ToStream.closeStartTag(ToStream.java:2449)
	at com.sun.org.apache.xml.internal.serializer.ToStream.characters(ToStream.java:1366)
	at com.sun.org.apache.xml.internal.serializer.ToUnknownStream.characters(ToUnknownStream.java:814)
	at com.sun.org.apache.xml.internal.serializer.ToUnknownStream.characters(ToUnknownStream.java:348)
	at com.sun.org.apache.xalan.internal.xsltc.trax.DOM2TO.parse(DOM2TO.java:122)
	at com.sun.org.apache.xalan.internal.xsltc.trax.DOM2TO.parse(DOM2TO.java:230)
	at com.sun.org.apache.xalan.internal.xsltc.trax.DOM2TO.parse(DOM2TO.java:230)
	at com.sun.org.apache.xalan.internal.xsltc.trax.DOM2TO.parse(DOM2TO.java:230)
	at com.sun.org.apache.xalan.internal.xsltc.trax.DOM2TO.parse(DOM2TO.java:136)
	at com.sun.org.apache.xalan.internal.xsltc.trax.DOM2TO.parse(DOM2TO.java:98)
	at com.sun.org.apache.xalan.internal.xsltc.trax.TransformerImpl.transformIdentity(TransformerImpl.java:684)
	at com.sun.org.apache.xalan.internal.xsltc.trax.TransformerImpl.transform(TransformerImpl.java:728)
	at com.sun.org.apache.xalan.internal.xsltc.trax.TransformerImpl.transform(TransformerImpl.java:343)
	at cucumber.runtime.formatter.JUnitFormatter.finishReport(JUnitFormatter.java:150)
	at cucumber.runtime.formatter.JUnitFormatter.access$400(JUnitFormatter.java:42)
	at cucumber.runtime.formatter.JUnitFormatter$5.receive(JUnitFormatter.java:77)
	at cucumber.runtime.formatter.JUnitFormatter$5.receive(JUnitFormatter.java:74)
	at cucumber.runner.EventBus.send(EventBus.java:28)
	at cucumber.runtime.Runtime.run(Runtime.java:109)
	at cucumber.api.cli.Main.run(Main.java:35)
	at cucumber.api.cli.Main$run.call(Unknown Source)
	at com.kms.katalon.core.cucumber.keyword.CucumberBuiltinKeywords$_runFeatureFile_closure1.doCall(CucumberBuiltinKeywords.groovy:108)
	at com.kms.katalon.core.cucumber.keyword.CucumberBuiltinKeywords$_runFeatureFile_closure1.doCall(CucumberBuiltinKeywords.groovy)
	at com.kms.katalon.core.keyword.internal.KeywordMain.runKeyword(KeywordMain.groovy:74)
	at com.kms.katalon.core.keyword.internal.KeywordMain.runKeyword(KeywordMain.groovy:68)
	at com.kms.katalon.core.keyword.internal.KeywordMain$runKeyword.call(Unknown Source)
	at com.kms.katalon.core.cucumber.keyword.CucumberBuiltinKeywords.runFeatureFile(CucumberBuiltinKeywords.groovy:75)
	at com.kms.katalon.core.cucumber.keyword.CucumberBuiltinKeywords$runFeatureFile$0.callStatic(Unknown Source)
	at com.kms.katalon.core.cucumber.keyword.CucumberBuiltinKeywords.runFeatureFile(CucumberBuiltinKeywords.groovy:248)
	at com.kms.katalon.core.cucumber.keyword.CucumberBuiltinKeywords$runFeatureFile.call(Unknown Source)
	at Feature Test.run(Feature Test:24)
	... 13 more]]></system-out>
      <system-err><![CDATA[2022-11-05 13:01:11 - [TEST_SUITE][FAILED] - Test Suite Mobile: Test Cases/Feature Test FAILED.
Reason:
com.kms.katalon.core.exception.StepFailedException: Keyword runFeatureFile was failed (Root cause: cucumber.runtime.CucumberException: Error while transforming.
	at cucumber.runtime.formatter.JUnitFormatter.finishReport(JUnitFormatter.java:153)
	at cucumber.runtime.formatter.JUnitFormatter.access$400(JUnitFormatter.java:42)
	at cucumber.runtime.formatter.JUnitFormatter$5.receive(JUnitFormatter.java:77)
	at cucumber.runtime.formatter.JUnitFormatter$5.receive(JUnitFormatter.java:74)
	at cucumber.runner.EventBus.send(EventBus.java:28)
	at cucumber.runtime.Runtime.run(Runtime.java:109)
	at cucumber.api.cli.Main.run(Main.java:35)
	at cucumber.api.cli.Main$run.call(Unknown Source)
	at com.kms.katalon.core.cucumber.keyword.CucumberBuiltinKeywords$_runFeatureFile_closure1.doCall(CucumberBuiltinKeywords.groovy:108)
	at com.kms.katalon.core.cucumber.keyword.CucumberBuiltinKeywords$_runFeatureFile_closure1.doCall(CucumberBuiltinKeywords.groovy)
	at com.kms.katalon.core.keyword.internal.KeywordMain.runKeyword(KeywordMain.groovy:74)
	at com.kms.katalon.core.keyword.internal.KeywordMain.runKeyword(KeywordMain.groovy:68)
	at com.kms.katalon.core.keyword.internal.KeywordMain$runKeyword.call(Unknown Source)
	at com.kms.katalon.core.cucumber.keyword.CucumberBuiltinKeywords.runFeatureFile(CucumberBuiltinKeywords.groovy:75)
	at com.kms.katalon.core.cucumber.keyword.CucumberBuiltinKeywords$runFeatureFile$0.callStatic(Unknown Source)
	at com.kms.katalon.core.cucumber.keyword.CucumberBuiltinKeywords.runFeatureFile(CucumberBuiltinKeywords.groovy:248)
	at com.kms.katalon.core.cucumber.keyword.CucumberBuiltinKeywords$runFeatureFile.call(Unknown Source)
	at Feature Test.run(Feature Test:24)
	at com.kms.katalon.core.main.ScriptEngine.run(ScriptEngine.java:194)
	at com.kms.katalon.core.main.ScriptEngine.runScriptAsRawText(ScriptEngine.java:119)
	at com.kms.katalon.core.main.TestCaseExecutor.runScript(TestCaseExecutor.java:445)
	at com.kms.katalon.core.main.TestCaseExecutor.doExecute(TestCaseExecutor.java:436)
	at com.kms.katalon.core.main.TestCaseExecutor.processExecutionPhase(TestCaseExecutor.java:415)
	at com.kms.katalon.core.main.TestCaseExecutor.accessMainPhase(TestCaseExecutor.java:407)
	at com.kms.katalon.core.main.TestCaseExecutor.execute(TestCaseExecutor.java:284)
	at com.kms.katalon.core.common.CommonExecutor.accessTestCaseMainPhase(CommonExecutor.java:65)
	at com.kms.katalon.core.main.TestSuiteExecutor.accessTestSuiteMainPhase(TestSuiteExecutor.java:144)
	at com.kms.katalon.core.main.TestSuiteExecutor.execute(TestSuiteExecutor.java:106)
	at com.kms.katalon.core.main.TestCaseMain.startTestSuite(TestCaseMain.java:185)
	at com.kms.katalon.core.main.TestCaseMain$startTestSuite$0.call(Unknown Source)
	at TempTestSuite1667628062132.run(TempTestSuite1667628062132.groovy:36)
Caused by: javax.xml.transform.TransformerException: org.xml.sax.SAXException: The handle is invalid
java.io.IOException: The handle is invalid
	at com.sun.org.apache.xalan.internal.xsltc.trax.TransformerImpl.transform(TransformerImpl.java:740)
	at com.sun.org.apache.xalan.internal.xsltc.trax.TransformerImpl.transform(TransformerImpl.java:343)
	at cucumber.runtime.formatter.JUnitFormatter.finishReport(JUnitFormatter.java:150)
	at cucumber.runtime.formatter.JUnitFormatter.access$400(JUnitFormatter.java:42)
	at cucumber.runtime.formatter.JUnitFormatter$5.receive(JUnitFormatter.java:77)
	at cucumber.runtime.formatter.JUnitFormatter$5.receive(JUnitFormatter.java:74)
	at cucumber.runner.EventBus.send(EventBus.java:28)
	at cucumber.runtime.Runtime.run(Runtime.java:109)
	at cucumber.api.cli.Main.run(Main.java:35)
	at cucumber.api.cli.Main$run.call(Unknown Source)
	at com.kms.katalon.core.cucumber.keyword.CucumberBuiltinKeywords$_runFeatureFile_closure1.doCall(CucumberBuiltinKeywords.groovy:108)
	at com.kms.katalon.core.cucumber.keyword.CucumberBuiltinKeywords$_runFeatureFile_closure1.doCall(CucumberBuiltinKeywords.groovy)
	at com.kms.katalon.core.keyword.internal.KeywordMain.runKeyword(KeywordMain.groovy:74)
	at com.kms.katalon.core.keyword.internal.KeywordMain.runKeyword(KeywordMain.groovy:68)
	at com.kms.katalon.core.keyword.internal.KeywordMain$runKeyword.call(Unknown Source)
	at com.kms.katalon.core.cucumber.keyword.CucumberBuiltinKeywords.runFeatureFile(CucumberBuiltinKeywords.groovy:75)
	at com.kms.katalon.core.cucumber.keyword.CucumberBuiltinKeywords$runFeatureFile$0.callStatic(Unknown Source)
	at com.kms.katalon.core.cucumber.keyword.CucumberBuiltinKeywords.runFeatureFile(CucumberBuiltinKeywords.groovy:248)
	at com.kms.katalon.core.cucumber.keyword.CucumberBuiltinKeywords$runFeatureFile.call(Unknown Source)
	at Script1667620101734.run(Script1667620101734.groovy:24)
	... 13 more
Caused by: org.xml.sax.SAXException: The handle is invalid
java.io.IOException: The handle is invalid
	at com.sun.org.apache.xml.internal.serializer.ToStream.closeStartTag(ToStream.java:2457)
	at com.sun.org.apache.xml.internal.serializer.ToStream.characters(ToStream.java:1366)
	at com.sun.org.apache.xml.internal.serializer.ToUnknownStream.characters(ToUnknownStream.java:814)
	at com.sun.org.apache.xml.internal.serializer.ToUnknownStream.characters(ToUnknownStream.java:348)
	at com.sun.org.apache.xalan.internal.xsltc.trax.DOM2TO.parse(DOM2TO.java:122)
	at com.sun.org.apache.xalan.internal.xsltc.trax.DOM2TO.parse(DOM2TO.java:230)
	at com.sun.org.apache.xalan.internal.xsltc.trax.DOM2TO.parse(DOM2TO.java:230)
	at com.sun.org.apache.xalan.internal.xsltc.trax.DOM2TO.parse(DOM2TO.java:230)
	at com.sun.org.apache.xalan.internal.xsltc.trax.DOM2TO.parse(DOM2TO.java:136)
	at com.sun.org.apache.xalan.internal.xsltc.trax.DOM2TO.parse(DOM2TO.java:98)
	at com.sun.org.apache.xalan.internal.xsltc.trax.TransformerImpl.transformIdentity(TransformerImpl.java:684)
	at com.sun.org.apache.xalan.internal.xsltc.trax.TransformerImpl.transform(TransformerImpl.java:728)
	... 32 more
Caused by: java.io.IOException: The handle is invalid
	at cucumber.runtime.io.URLOutputStream.write(URLOutputStream.java:60)
	at com.sun.org.apache.xml.internal.serializer.ToStream.writeAttrString(ToStream.java:1986)
	at com.sun.org.apache.xml.internal.serializer.ToStream.processAttributes(ToStream.java:1953)
	at com.sun.org.apache.xml.internal.serializer.ToStream.closeStartTag(ToStream.java:2449)
	... 43 more
)
	at com.kms.katalon.core.keyword.internal.KeywordMain.stepFailed(KeywordMain.groovy:50)
	at com.kms.katalon.core.keyword.internal.KeywordMain.stepFailed(KeywordMain.groovy)
	at com.kms.katalon.core.keyword.internal.KeywordMain.runKeyword(KeywordMain.groovy:76)
	at com.kms.katalon.core.keyword.internal.KeywordMain.runKeyword(KeywordMain.groovy:68)
	at com.kms.katalon.core.keyword.internal.KeywordMain$runKeyword.call(Unknown Source)
	at com.kms.katalon.core.cucumber.keyword.CucumberBuiltinKeywords.runFeatureFile(CucumberBuiltinKeywords.groovy:75)
	at com.kms.katalon.core.cucumber.keyword.CucumberBuiltinKeywords$runFeatureFile$0.callStatic(Unknown Source)
	at com.kms.katalon.core.cucumber.keyword.CucumberBuiltinKeywords.runFeatureFile(CucumberBuiltinKeywords.groovy:248)
	at com.kms.katalon.core.cucumber.keyword.CucumberBuiltinKeywords$runFeatureFile.call(Unknown Source)
	at Feature Test.run(Feature Test:24)
	at com.kms.katalon.core.main.ScriptEngine.run(ScriptEngine.java:194)
	at com.kms.katalon.core.main.ScriptEngine.runScriptAsRawText(ScriptEngine.java:119)
	at com.kms.katalon.core.main.TestCaseExecutor.runScript(TestCaseExecutor.java:445)
	at com.kms.katalon.core.main.TestCaseExecutor.doExecute(TestCaseExecutor.java:436)
	at com.kms.katalon.core.main.TestCaseExecutor.processExecutionPhase(TestCaseExecutor.java:415)
	at com.kms.katalon.core.main.TestCaseExecutor.accessMainPhase(TestCaseExecutor.java:407)
	at com.kms.katalon.core.main.TestCaseExecutor.execute(TestCaseExecutor.java:284)
	at com.kms.katalon.core.common.CommonExecutor.accessTestCaseMainPhase(CommonExecutor.java:65)
	at com.kms.katalon.core.main.TestSuiteExecutor.accessTestSuiteMainPhase(TestSuiteExecutor.java:144)
	at com.kms.katalon.core.main.TestSuiteExecutor.execute(TestSuiteExecutor.java:106)
	at com.kms.katalon.core.main.TestCaseMain.startTestSuite(TestCaseMain.java:185)
	at com.kms.katalon.core.main.TestCaseMain$startTestSuite$0.call(Unknown Source)
	at TempTestSuite1667628062132.run(TempTestSuite1667628062132.groovy:36)
Caused by: cucumber.runtime.CucumberException: Error while transforming.
	at cucumber.runtime.formatter.JUnitFormatter.finishReport(JUnitFormatter.java:153)
	at cucumber.runtime.formatter.JUnitFormatter.access$400(JUnitFormatter.java:42)
	at cucumber.runtime.formatter.JUnitFormatter$5.receive(JUnitFormatter.java:77)
	at cucumber.runtime.formatter.JUnitFormatter$5.receive(JUnitFormatter.java:74)
	at cucumber.runner.EventBus.send(EventBus.java:28)
	at cucumber.runtime.Runtime.run(Runtime.java:109)
	at cucumber.api.cli.Main.run(Main.java:35)
	at cucumber.api.cli.Main$run.call(Unknown Source)
	at com.kms.katalon.core.cucumber.keyword.CucumberBuiltinKeywords$_runFeatureFile_closure1.doCall(CucumberBuiltinKeywords.groovy:108)
	at com.kms.katalon.core.cucumber.keyword.CucumberBuiltinKeywords$_runFeatureFile_closure1.doCall(CucumberBuiltinKeywords.groovy)
	at com.kms.katalon.core.keyword.internal.KeywordMain.runKeyword(KeywordMain.groovy:74)
	... 20 more
Caused by: javax.xml.transform.TransformerException: org.xml.sax.SAXException: The handle is invalid
java.io.IOException: The handle is invalid
	at com.sun.org.apache.xalan.internal.xsltc.trax.TransformerImpl.transform(TransformerImpl.java:740)
	at com.sun.org.apache.xalan.internal.xsltc.trax.TransformerImpl.transform(TransformerImpl.java:343)
	at cucumber.runtime.formatter.JUnitFormatter.finishReport(JUnitFormatter.java:150)
	at cucumber.runtime.formatter.JUnitFormatter.access$400(JUnitFormatter.java:42)
	at cucumber.runtime.formatter.JUnitFormatter$5.receive(JUnitFormatter.java:77)
	at cucumber.runtime.formatter.JUnitFormatter$5.receive(JUnitFormatter.java:74)
	at cucumber.runner.EventBus.send(EventBus.java:28)
	at cucumber.runtime.Runtime.run(Runtime.java:109)
	at cucumber.api.cli.Main.run(Main.java:35)
	at cucumber.api.cli.Main$run.call(Unknown Source)
	at com.kms.katalon.core.cucumber.keyword.CucumberBuiltinKeywords$_runFeatureFile_closure1.doCall(CucumberBuiltinKeywords.groovy:108)
	at com.kms.katalon.core.cucumber.keyword.CucumberBuiltinKeywords$_runFeatureFile_closure1.doCall(CucumberBuiltinKeywords.groovy)
	at com.kms.katalon.core.keyword.internal.KeywordMain.runKeyword(KeywordMain.groovy:74)
	at com.kms.katalon.core.keyword.internal.KeywordMain.runKeyword(KeywordMain.groovy:68)
	at com.kms.katalon.core.keyword.internal.KeywordMain$runKeyword.call(Unknown Source)
	at com.kms.katalon.core.cucumber.keyword.CucumberBuiltinKeywords.runFeatureFile(CucumberBuiltinKeywords.groovy:75)
	at com.kms.katalon.core.cucumber.keyword.CucumberBuiltinKeywords$runFeatureFile$0.callStatic(Unknown Source)
	at com.kms.katalon.core.cucumber.keyword.CucumberBuiltinKeywords.runFeatureFile(CucumberBuiltinKeywords.groovy:248)
	at com.kms.katalon.core.cucumber.keyword.CucumberBuiltinKeywords$runFeatureFile.call(Unknown Source)
	at Script1667620101734.run(Script1667620101734.groovy:24)
	... 13 more
Caused by: org.xml.sax.SAXException: The handle is invalid
java.io.IOException: The handle is invalid
	at com.sun.org.apache.xml.internal.serializer.ToStream.closeStartTag(ToStream.java:2457)
	at com.sun.org.apache.xml.internal.serializer.ToStream.characters(ToStream.java:1366)
	at com.sun.org.apache.xml.internal.serializer.ToUnknownStream.characters(ToUnknownStream.java:814)
	at com.sun.org.apache.xml.internal.serializer.ToUnknownStream.characters(ToUnknownStream.java:348)
	at com.sun.org.apache.xalan.internal.xsltc.trax.DOM2TO.parse(DOM2TO.java:122)
	at com.sun.org.apache.xalan.internal.xsltc.trax.DOM2TO.parse(DOM2TO.java:230)
	at com.sun.org.apache.xalan.internal.xsltc.trax.DOM2TO.parse(DOM2TO.java:230)
	at com.sun.org.apache.xalan.internal.xsltc.trax.DOM2TO.parse(DOM2TO.java:230)
	at com.sun.org.apache.xalan.internal.xsltc.trax.DOM2TO.parse(DOM2TO.java:136)
	at com.sun.org.apache.xalan.internal.xsltc.trax.DOM2TO.parse(DOM2TO.java:98)
	at com.sun.org.apache.xalan.internal.xsltc.trax.TransformerImpl.transformIdentity(TransformerImpl.java:684)
	at com.sun.org.apache.xalan.internal.xsltc.trax.TransformerImpl.transform(TransformerImpl.java:728)
	... 32 more
Caused by: java.io.IOException: The handle is invalid
	at cucumber.runtime.io.URLOutputStream.write(URLOutputStream.java:60)
	at com.sun.org.apache.xml.internal.serializer.ToStream.writeAttrString(ToStream.java:1986)
	at com.sun.org.apache.xml.internal.serializer.ToStream.processAttributes(ToStream.java:1953)
	at com.sun.org.apache.xml.internal.serializer.ToStream.closeStartTag(ToStream.java:2449)
	at com.sun.org.apache.xml.internal.serializer.ToStream.characters(ToStream.java:1366)
	at com.sun.org.apache.xml.internal.serializer.ToUnknownStream.characters(ToUnknownStream.java:814)
	at com.sun.org.apache.xml.internal.serializer.ToUnknownStream.characters(ToUnknownStream.java:348)
	at com.sun.org.apache.xalan.internal.xsltc.trax.DOM2TO.parse(DOM2TO.java:122)
	at com.sun.org.apache.xalan.internal.xsltc.trax.DOM2TO.parse(DOM2TO.java:230)
	at com.sun.org.apache.xalan.internal.xsltc.trax.DOM2TO.parse(DOM2TO.java:230)
	at com.sun.org.apache.xalan.internal.xsltc.trax.DOM2TO.parse(DOM2TO.java:230)
	at com.sun.org.apache.xalan.internal.xsltc.trax.DOM2TO.parse(DOM2TO.java:136)
	at com.sun.org.apache.xalan.internal.xsltc.trax.DOM2TO.parse(DOM2TO.java:98)
	at com.sun.org.apache.xalan.internal.xsltc.trax.TransformerImpl.transformIdentity(TransformerImpl.java:684)
	at com.sun.org.apache.xalan.internal.xsltc.trax.TransformerImpl.transform(TransformerImpl.java:728)
	at com.sun.org.apache.xalan.internal.xsltc.trax.TransformerImpl.transform(TransformerImpl.java:343)
	at cucumber.runtime.formatter.JUnitFormatter.finishReport(JUnitFormatter.java:150)
	at cucumber.runtime.formatter.JUnitFormatter.access$400(JUnitFormatter.java:42)
	at cucumber.runtime.formatter.JUnitFormatter$5.receive(JUnitFormatter.java:77)
	at cucumber.runtime.formatter.JUnitFormatter$5.receive(JUnitFormatter.java:74)
	at cucumber.runner.EventBus.send(EventBus.java:28)
	at cucumber.runtime.Runtime.run(Runtime.java:109)
	at cucumber.api.cli.Main.run(Main.java:35)
	at cucumber.api.cli.Main$run.call(Unknown Source)
	at com.kms.katalon.core.cucumber.keyword.CucumberBuiltinKeywords$_runFeatureFile_closure1.doCall(CucumberBuiltinKeywords.groovy:108)
	at com.kms.katalon.core.cucumber.keyword.CucumberBuiltinKeywords$_runFeatureFile_closure1.doCall(CucumberBuiltinKeywords.groovy)
	at com.kms.katalon.core.keyword.internal.KeywordMain.runKeyword(KeywordMain.groovy:74)
	at com.kms.katalon.core.keyword.internal.KeywordMain.runKeyword(KeywordMain.groovy:68)
	at com.kms.katalon.core.keyword.internal.KeywordMain$runKeyword.call(Unknown Source)
	at com.kms.katalon.core.cucumber.keyword.CucumberBuiltinKeywords.runFeatureFile(CucumberBuiltinKeywords.groovy:75)
	at com.kms.katalon.core.cucumber.keyword.CucumberBuiltinKeywords$runFeatureFile$0.callStatic(Unknown Source)
	at com.kms.katalon.core.cucumber.keyword.CucumberBuiltinKeywords.runFeatureFile(CucumberBuiltinKeywords.groovy:248)
	at com.kms.katalon.core.cucumber.keyword.CucumberBuiltinKeywords$runFeatureFile.call(Unknown Source)
	at Feature Test.run(Feature Test:24)
	... 13 more]]></system-err>
   </testsuite>
</testsuites>
